#! /usr/local/Cellar/icarus-verilog/10.3/bin/vvp
:ivl_version "10.3 (stable)" "(v10_3)";
:ivl_delay_selection "TYPICAL";
:vpi_time_precision + 0;
:vpi_module "system";
:vpi_module "vhdl_sys";
:vpi_module "v2005_math";
:vpi_module "va_math";
S_0x7fd449c10b10 .scope module, "TestBench" "TestBench" 2 3;
 .timescale 0 0;
v0x7fd449e99070_0 .var "Clk", 0 0;
v0x7fd449e99200_0 .var "Reset", 0 0;
v0x7fd449e99290_0 .var "Start", 0 0;
v0x7fd449e99320_0 .var/i "counter", 31 0;
v0x7fd449e993b0_0 .var/i "flush", 31 0;
v0x7fd449e99440_0 .var/i "i", 31 0;
v0x7fd449e994d0_0 .var/i "outfile", 31 0;
v0x7fd449e99560_0 .var/i "stall", 31 0;
S_0x7fd449c0bc50 .scope module, "CPU" "CPU" 2 13, 3 1 0, S_0x7fd449c10b10;
 .timescale 0 0;
    .port_info 0 /INPUT 1 "clk_i"
    .port_info 1 /INPUT 1 "rst_i"
    .port_info 2 /INPUT 1 "start_i"
v0x7fd449e98ec0_0 .net "clk_i", 0 0, v0x7fd449e99070_0;  1 drivers
v0x7fd449e98f50_0 .net "rst_i", 0 0, v0x7fd449e99200_0;  1 drivers
v0x7fd449e98fe0_0 .net "start_i", 0 0, v0x7fd449e99290_0;  1 drivers
S_0x7fd449c1fa30 .scope module, "ALU" "ALU" 3 202, 4 1 0, S_0x7fd449c0bc50;
 .timescale 0 0;
    .port_info 0 /INPUT 32 "data1_i"
    .port_info 1 /INPUT 32 "data2_i"
    .port_info 2 /INPUT 3 "ALUCtrl_i"
    .port_info 3 /OUTPUT 32 "data_o"
    .port_info 4 /OUTPUT 1 "Zero_o"
L_0x7fd449d0bd20 .functor AND 32, L_0x7fd449d08800, L_0x7fd449d08e00, C4<11111111111111111111111111111111>, C4<11111111111111111111111111111111>;
L_0x7fd449d0beb0 .functor OR 32, L_0x7fd449d08800, L_0x7fd449d08e00, C4<00000000000000000000000000000000>, C4<00000000000000000000000000000000>;
v0x7fd449c20da0_0 .net "ALUCtrl_i", 2 0, L_0x7fd449d0e500;  1 drivers
v0x7fd449c3dfd0_0 .net "Zero_o", 0 0, L_0x7fd449d0cba0;  1 drivers
L_0x101f69f88 .functor BUFT 1, C4<000>, C4<0>, C4<0>, C4<0>;
v0x7fd449c3e070_0 .net/2u *"_s0", 2 0, L_0x101f69f88;  1 drivers
v0x7fd449c3e130_0 .net *"_s10", 31 0, L_0x7fd449d0b8e0;  1 drivers
L_0x101f6a018 .functor BUFT 1, C4<010>, C4<0>, C4<0>, C4<0>;
v0x7fd449c3e1e0_0 .net/2u *"_s12", 2 0, L_0x101f6a018;  1 drivers
v0x7fd449c3e2d0_0 .net *"_s14", 0 0, L_0x7fd449d0ba80;  1 drivers
v0x7fd449c3e370_0 .net *"_s17", 31 0, L_0x7fd449d0bba0;  1 drivers
L_0x101f6a060 .functor BUFT 1, C4<011>, C4<0>, C4<0>, C4<0>;
v0x7fd449c3e420_0 .net/2u *"_s18", 2 0, L_0x101f6a060;  1 drivers
v0x7fd449c3e4d0_0 .net *"_s2", 0 0, L_0x7fd449d0b660;  1 drivers
v0x7fd449c3e5e0_0 .net *"_s20", 0 0, L_0x7fd449d0bc40;  1 drivers
v0x7fd449c3e670_0 .net *"_s22", 31 0, L_0x7fd449d0bd20;  1 drivers
L_0x101f6a0a8 .functor BUFT 1, C4<100>, C4<0>, C4<0>, C4<0>;
v0x7fd449c3e720_0 .net/2u *"_s24", 2 0, L_0x101f6a0a8;  1 drivers
v0x7fd449c3e7d0_0 .net *"_s26", 0 0, L_0x7fd449d0bdb0;  1 drivers
v0x7fd449c3e870_0 .net *"_s28", 31 0, L_0x7fd449d0beb0;  1 drivers
v0x7fd449c3e920_0 .net *"_s30", 31 0, L_0x7fd449d0bf20;  1 drivers
v0x7fd449c3e9d0_0 .net *"_s32", 31 0, L_0x7fd449d0b980;  1 drivers
v0x7fd449c3ea80_0 .net *"_s34", 31 0, L_0x7fd449d0c280;  1 drivers
v0x7fd449c3ec10_0 .net *"_s36", 31 0, L_0x7fd449d0c400;  1 drivers
v0x7fd449c3eca0_0 .net *"_s38", 31 0, L_0x7fd449d0c560;  1 drivers
v0x7fd449c3ed50_0 .net *"_s4", 31 0, L_0x7fd449d0b700;  1 drivers
v0x7fd449c3ee00_0 .net *"_s42", 31 0, L_0x7fd449d0c810;  1 drivers
L_0x101f6a0f0 .functor BUFT 1, C4<00000000000000000000000000000000>, C4<0>, C4<0>, C4<0>;
v0x7fd449c3eeb0_0 .net/2u *"_s44", 31 0, L_0x101f6a0f0;  1 drivers
v0x7fd449c3ef60_0 .net *"_s46", 0 0, L_0x7fd449d0c990;  1 drivers
L_0x101f6a138 .functor BUFT 1, C4<01>, C4<0>, C4<0>, C4<0>;
v0x7fd449c3f000_0 .net/2s *"_s48", 1 0, L_0x101f6a138;  1 drivers
L_0x101f6a180 .functor BUFT 1, C4<00>, C4<0>, C4<0>, C4<0>;
v0x7fd449c3f0b0_0 .net/2s *"_s50", 1 0, L_0x101f6a180;  1 drivers
v0x7fd449c3f160_0 .net *"_s52", 1 0, L_0x7fd449d0ca30;  1 drivers
L_0x101f69fd0 .functor BUFT 1, C4<001>, C4<0>, C4<0>, C4<0>;
v0x7fd449c3f210_0 .net/2u *"_s6", 2 0, L_0x101f69fd0;  1 drivers
v0x7fd449c3f2c0_0 .net *"_s8", 0 0, L_0x7fd449d0b800;  1 drivers
v0x7fd449c3f360_0 .net "data1_i", 31 0, L_0x7fd449d08800;  1 drivers
v0x7fd449c3f410_0 .net "data2_i", 31 0, L_0x7fd449d08e00;  1 drivers
v0x7fd449c3f4c0_0 .net "data_o", 31 0, L_0x7fd449d0c6b0;  1 drivers
L_0x7fd449d0b660 .cmp/eq 3, L_0x7fd449d0e500, L_0x101f69f88;
L_0x7fd449d0b700 .arith/sum 32, L_0x7fd449d08800, L_0x7fd449d08e00;
L_0x7fd449d0b800 .cmp/eq 3, L_0x7fd449d0e500, L_0x101f69fd0;
L_0x7fd449d0b8e0 .arith/sub 32, L_0x7fd449d08800, L_0x7fd449d08e00;
L_0x7fd449d0ba80 .cmp/eq 3, L_0x7fd449d0e500, L_0x101f6a018;
L_0x7fd449d0bba0 .arith/mult 32, L_0x7fd449d08800, L_0x7fd449d08e00;
L_0x7fd449d0bc40 .cmp/eq 3, L_0x7fd449d0e500, L_0x101f6a060;
L_0x7fd449d0bdb0 .cmp/eq 3, L_0x7fd449d0e500, L_0x101f6a0a8;
L_0x7fd449d0bf20 .arith/sum 32, L_0x7fd449d08800, L_0x7fd449d08e00;
L_0x7fd449d0b980 .functor MUXZ 32, L_0x7fd449d0bf20, L_0x7fd449d0beb0, L_0x7fd449d0bdb0, C4<>;
L_0x7fd449d0c280 .functor MUXZ 32, L_0x7fd449d0b980, L_0x7fd449d0bd20, L_0x7fd449d0bc40, C4<>;
L_0x7fd449d0c400 .functor MUXZ 32, L_0x7fd449d0c280, L_0x7fd449d0bba0, L_0x7fd449d0ba80, C4<>;
L_0x7fd449d0c560 .functor MUXZ 32, L_0x7fd449d0c400, L_0x7fd449d0b8e0, L_0x7fd449d0b800, C4<>;
L_0x7fd449d0c6b0 .functor MUXZ 32, L_0x7fd449d0c560, L_0x7fd449d0b700, L_0x7fd449d0b660, C4<>;
L_0x7fd449d0c810 .arith/sub 32, L_0x7fd449d08800, L_0x7fd449d08e00;
L_0x7fd449d0c990 .cmp/eq 32, L_0x7fd449d0c810, L_0x101f6a0f0;
L_0x7fd449d0ca30 .functor MUXZ 2, L_0x101f6a180, L_0x101f6a138, L_0x7fd449d0c990, C4<>;
L_0x7fd449d0cba0 .part L_0x7fd449d0ca30, 0, 1;
S_0x7fd449c3f5f0 .scope module, "ALU_Control" "ALU_Control" 3 210, 5 1 0, S_0x7fd449c0bc50;
 .timescale 0 0;
    .port_info 0 /INPUT 32 "funct_i"
    .port_info 1 /INPUT 2 "ALUOp_i"
    .port_info 2 /OUTPUT 3 "ALUCtrl_o"
v0x7fd449c3f7a0_0 .net "ALUCtrl_o", 2 0, L_0x7fd449d0e500;  alias, 1 drivers
v0x7fd449c3f830_0 .net "ALUOp_i", 1 0, v0x7fd449e953d0_0;  1 drivers
v0x7fd449c3f8d0_0 .net *"_s1", 0 0, L_0x7fd449d0cc80;  1 drivers
v0x7fd449c3f990_0 .net *"_s10", 0 0, L_0x7fd449d0d040;  1 drivers
L_0x101f6a210 .functor BUFT 1, C4<000>, C4<0>, C4<0>, C4<0>;
v0x7fd449c3fa30_0 .net/2u *"_s12", 2 0, L_0x101f6a210;  1 drivers
v0x7fd449c3fb20_0 .net *"_s15", 0 0, L_0x7fd449d0d160;  1 drivers
v0x7fd449c3fbd0_0 .net *"_s16", 31 0, L_0x7fd449d0d240;  1 drivers
L_0x101f6a258 .functor BUFT 1, C4<0000000000000000000000000000000>, C4<0>, C4<0>, C4<0>;
v0x7fd449c3fc80_0 .net *"_s19", 30 0, L_0x101f6a258;  1 drivers
L_0x101f6a2a0 .functor BUFT 1, C4<00000000000000000000000000000001>, C4<0>, C4<0>, C4<0>;
v0x7fd449c3fd30_0 .net/2u *"_s20", 31 0, L_0x101f6a2a0;  1 drivers
v0x7fd449c3fe40_0 .net *"_s22", 0 0, L_0x7fd449d0d3a0;  1 drivers
L_0x101f6a2e8 .functor BUFT 1, C4<001>, C4<0>, C4<0>, C4<0>;
v0x7fd449c3fee0_0 .net/2u *"_s24", 2 0, L_0x101f6a2e8;  1 drivers
v0x7fd449c3ff90_0 .net *"_s27", 0 0, L_0x7fd449d0d4c0;  1 drivers
v0x7fd449c40040_0 .net *"_s28", 31 0, L_0x7fd449d0d5b0;  1 drivers
v0x7fd449c400f0_0 .net *"_s3", 0 0, L_0x7fd449d0cd20;  1 drivers
L_0x101f6a330 .functor BUFT 1, C4<0000000000000000000000000000000>, C4<0>, C4<0>, C4<0>;
v0x7fd449c401a0_0 .net *"_s31", 30 0, L_0x101f6a330;  1 drivers
L_0x101f6a378 .functor BUFT 1, C4<00000000000000000000000000000001>, C4<0>, C4<0>, C4<0>;
v0x7fd449c40250_0 .net/2u *"_s32", 31 0, L_0x101f6a378;  1 drivers
v0x7fd449c40300_0 .net *"_s34", 0 0, L_0x7fd449d0d6b0;  1 drivers
L_0x101f6a3c0 .functor BUFT 1, C4<010>, C4<0>, C4<0>, C4<0>;
v0x7fd449c40490_0 .net/2u *"_s36", 2 0, L_0x101f6a3c0;  1 drivers
v0x7fd449c40520_0 .net *"_s39", 0 0, L_0x7fd449d0d850;  1 drivers
v0x7fd449c405c0_0 .net *"_s40", 31 0, L_0x7fd449d0d970;  1 drivers
L_0x101f6a408 .functor BUFT 1, C4<0000000000000000000000000000000>, C4<0>, C4<0>, C4<0>;
v0x7fd449c40670_0 .net *"_s43", 30 0, L_0x101f6a408;  1 drivers
L_0x101f6a450 .functor BUFT 1, C4<00000000000000000000000000000001>, C4<0>, C4<0>, C4<0>;
v0x7fd449c40720_0 .net/2u *"_s44", 31 0, L_0x101f6a450;  1 drivers
v0x7fd449c407d0_0 .net *"_s46", 0 0, L_0x7fd449d0dac0;  1 drivers
L_0x101f6a498 .functor BUFT 1, C4<011>, C4<0>, C4<0>, C4<0>;
v0x7fd449c40870_0 .net/2u *"_s48", 2 0, L_0x101f6a498;  1 drivers
v0x7fd449c40920_0 .net *"_s5", 2 0, L_0x7fd449d0cdc0;  1 drivers
v0x7fd449c409d0_0 .net *"_s51", 0 0, L_0x7fd449d0dba0;  1 drivers
v0x7fd449c40a80_0 .net *"_s52", 31 0, L_0x7fd449d0dcc0;  1 drivers
L_0x101f6a4e0 .functor BUFT 1, C4<0000000000000000000000000000000>, C4<0>, C4<0>, C4<0>;
v0x7fd449c40b30_0 .net *"_s55", 30 0, L_0x101f6a4e0;  1 drivers
L_0x101f6a528 .functor BUFT 1, C4<00000000000000000000000000000001>, C4<0>, C4<0>, C4<0>;
v0x7fd449c40be0_0 .net/2u *"_s56", 31 0, L_0x101f6a528;  1 drivers
v0x7fd449c40c90_0 .net *"_s58", 0 0, L_0x7fd449d0dde0;  1 drivers
L_0x101f6a570 .functor BUFT 1, C4<100>, C4<0>, C4<0>, C4<0>;
v0x7fd449c40d30_0 .net/2u *"_s60", 2 0, L_0x101f6a570;  1 drivers
L_0x101f6a5b8 .functor BUFT 1, C4<101>, C4<0>, C4<0>, C4<0>;
v0x7fd449c40de0_0 .net/2u *"_s62", 2 0, L_0x101f6a5b8;  1 drivers
v0x7fd449c40e90_0 .net *"_s64", 2 0, L_0x7fd449d0df90;  1 drivers
v0x7fd449c403b0_0 .net *"_s66", 2 0, L_0x7fd449d0e090;  1 drivers
v0x7fd449c41120_0 .net *"_s68", 2 0, L_0x7fd449d0e210;  1 drivers
v0x7fd449c411b0_0 .net *"_s70", 2 0, L_0x7fd449d0e370;  1 drivers
L_0x101f6a1c8 .functor BUFT 1, C4<10>, C4<0>, C4<0>, C4<0>;
v0x7fd449c41250_0 .net/2u *"_s8", 1 0, L_0x101f6a1c8;  1 drivers
v0x7fd449c41300_0 .net "cut", 4 0, L_0x7fd449d0cf60;  1 drivers
v0x7fd449c413b0_0 .net "funct_i", 31 0, v0x7fd449e962e0_0;  1 drivers
L_0x7fd449d0cc80 .part v0x7fd449e962e0_0, 30, 1;
L_0x7fd449d0cd20 .part v0x7fd449e962e0_0, 25, 1;
L_0x7fd449d0cdc0 .part v0x7fd449e962e0_0, 12, 3;
L_0x7fd449d0cf60 .concat [ 3 1 1 0], L_0x7fd449d0cdc0, L_0x7fd449d0cd20, L_0x7fd449d0cc80;
L_0x7fd449d0d040 .cmp/ne 2, v0x7fd449e953d0_0, L_0x101f6a1c8;
L_0x7fd449d0d160 .part L_0x7fd449d0cf60, 4, 1;
L_0x7fd449d0d240 .concat [ 1 31 0 0], L_0x7fd449d0d160, L_0x101f6a258;
L_0x7fd449d0d3a0 .cmp/eq 32, L_0x7fd449d0d240, L_0x101f6a2a0;
L_0x7fd449d0d4c0 .part L_0x7fd449d0cf60, 3, 1;
L_0x7fd449d0d5b0 .concat [ 1 31 0 0], L_0x7fd449d0d4c0, L_0x101f6a330;
L_0x7fd449d0d6b0 .cmp/eq 32, L_0x7fd449d0d5b0, L_0x101f6a378;
L_0x7fd449d0d850 .part L_0x7fd449d0cf60, 0, 1;
L_0x7fd449d0d970 .concat [ 1 31 0 0], L_0x7fd449d0d850, L_0x101f6a408;
L_0x7fd449d0dac0 .cmp/eq 32, L_0x7fd449d0d970, L_0x101f6a450;
L_0x7fd449d0dba0 .part L_0x7fd449d0cf60, 1, 1;
L_0x7fd449d0dcc0 .concat [ 1 31 0 0], L_0x7fd449d0dba0, L_0x101f6a4e0;
L_0x7fd449d0dde0 .cmp/eq 32, L_0x7fd449d0dcc0, L_0x101f6a528;
L_0x7fd449d0df90 .functor MUXZ 3, L_0x101f6a5b8, L_0x101f6a570, L_0x7fd449d0dde0, C4<>;
L_0x7fd449d0e090 .functor MUXZ 3, L_0x7fd449d0df90, L_0x101f6a498, L_0x7fd449d0dac0, C4<>;
L_0x7fd449d0e210 .functor MUXZ 3, L_0x7fd449d0e090, L_0x101f6a3c0, L_0x7fd449d0d6b0, C4<>;
L_0x7fd449d0e370 .functor MUXZ 3, L_0x7fd449d0e210, L_0x101f6a2e8, L_0x7fd449d0d3a0, C4<>;
L_0x7fd449d0e500 .functor MUXZ 3, L_0x7fd449d0e370, L_0x101f6a210, L_0x7fd449d0d040, C4<>;
S_0x7fd449f00080 .scope module, "Add_Branch" "Adder" 3 111, 6 1 0, S_0x7fd449c0bc50;
 .timescale 0 0;
    .port_info 0 /INPUT 32 "data1_in"
    .port_info 1 /INPUT 32 "data2_in"
    .port_info 2 /OUTPUT 32 "data_o"
v0x7fd449f002c0_0 .net "data1_in", 31 0, v0x7fd449e96910_0;  1 drivers
v0x7fd449f00380_0 .net "data2_in", 31 0, L_0x7fd449d05f40;  1 drivers
v0x7fd449f00420_0 .net "data_o", 31 0, L_0x7fd449d06ca0;  1 drivers
L_0x7fd449d06ca0 .arith/sum 32, v0x7fd449e96910_0, L_0x7fd449d05f40;
S_0x7fd449f00510 .scope module, "Add_PC" "Adder" 3 37, 6 1 0, S_0x7fd449c0bc50;
 .timescale 0 0;
    .port_info 0 /INPUT 32 "data1_in"
    .port_info 1 /INPUT 32 "data2_in"
    .port_info 2 /OUTPUT 32 "data_o"
v0x7fd449f00710_0 .net "data1_in", 31 0, v0x7fd449e93fa0_0;  1 drivers
L_0x101f68050 .functor BUFT 1, C4<00000000000000000000000000000100>, C4<0>, C4<0>, C4<0>;
v0x7fd449f007d0_0 .net "data2_in", 31 0, L_0x101f68050;  1 drivers
v0x7fd449f00880_0 .net "data_o", 31 0, L_0x7fd449e99870;  1 drivers
L_0x7fd449e99870 .arith/sum 32, v0x7fd449e93fa0_0, L_0x101f68050;
S_0x7fd449f00990 .scope module, "Control" "Control" 3 68, 7 1 0, S_0x7fd449c0bc50;
 .timescale 0 0;
    .port_info 0 /INPUT 7 "Op_i"
    .port_info 1 /INPUT 1 "RegEqual_i"
    .port_info 2 /OUTPUT 1 "MemWrite_o"
    .port_info 3 /OUTPUT 1 "MemRead_o"
    .port_info 4 /OUTPUT 1 "MemToReg_o"
    .port_info 5 /OUTPUT 2 "ALUOp_o"
    .port_info 6 /OUTPUT 1 "ALUSrc_o"
    .port_info 7 /OUTPUT 1 "RegWrite_o"
    .port_info 8 /OUTPUT 1 "Branch_o"
    .port_info 9 /OUTPUT 1 "flush_o"
v0x7fd449f00cc0_0 .net "ALUOp_o", 1 0, L_0x7fd449e9a7b0;  1 drivers
v0x7fd449f00d60_0 .net "ALUSrc_o", 0 0, L_0x7fd449e9b260;  1 drivers
v0x7fd449f00e00_0 .net "Branch_o", 0 0, L_0x7fd449d00ba0;  1 drivers
v0x7fd449f00e90_0 .net "MemRead_o", 0 0, L_0x7fd449d019c0;  1 drivers
v0x7fd449f00f30_0 .net "MemToReg_o", 0 0, L_0x7fd449d03290;  1 drivers
v0x7fd449f01010_0 .net "MemWrite_o", 0 0, L_0x7fd449d023e0;  1 drivers
v0x7fd449f010b0_0 .net "Op_i", 6 0, L_0x7fd449d03e60;  1 drivers
v0x7fd449f01160_0 .net "RegEqual_i", 0 0, L_0x7fd449d06b80;  1 drivers
v0x7fd449f01200_0 .net "RegWrite_o", 0 0, L_0x7fd449d02ad0;  1 drivers
L_0x101f68128 .functor BUFT 1, C4<0110011>, C4<0>, C4<0>, C4<0>;
v0x7fd449f01310_0 .net/2u *"_s0", 6 0, L_0x101f68128;  1 drivers
L_0x101f68200 .functor BUFT 1, C4<00>, C4<0>, C4<0>, C4<0>;
v0x7fd449f013b0_0 .net/2u *"_s10", 1 0, L_0x101f68200;  1 drivers
L_0x101f688c0 .functor BUFT 1, C4<0110011>, C4<0>, C4<0>, C4<0>;
v0x7fd449f01460_0 .net/2u *"_s102", 6 0, L_0x101f688c0;  1 drivers
v0x7fd449f01510_0 .net *"_s104", 0 0, L_0x7fd449d00d40;  1 drivers
L_0x101f68908 .functor BUFT 1, C4<0>, C4<0>, C4<0>, C4<0>;
v0x7fd449f015b0_0 .net/2u *"_s106", 0 0, L_0x101f68908;  1 drivers
L_0x101f68950 .functor BUFT 1, C4<0010011>, C4<0>, C4<0>, C4<0>;
v0x7fd449f01660_0 .net/2u *"_s108", 6 0, L_0x101f68950;  1 drivers
v0x7fd449f01710_0 .net *"_s110", 0 0, L_0x7fd449d010f0;  1 drivers
L_0x101f68998 .functor BUFT 1, C4<0>, C4<0>, C4<0>, C4<0>;
v0x7fd449f017b0_0 .net/2u *"_s112", 0 0, L_0x101f68998;  1 drivers
L_0x101f689e0 .functor BUFT 1, C4<0000011>, C4<0>, C4<0>, C4<0>;
v0x7fd449f01940_0 .net/2u *"_s114", 6 0, L_0x101f689e0;  1 drivers
v0x7fd449f019d0_0 .net *"_s116", 0 0, L_0x7fd449d007d0;  1 drivers
L_0x101f68a28 .functor BUFT 1, C4<1>, C4<0>, C4<0>, C4<0>;
v0x7fd449f01a70_0 .net/2u *"_s118", 0 0, L_0x101f68a28;  1 drivers
L_0x101f68248 .functor BUFT 1, C4<0000011>, C4<0>, C4<0>, C4<0>;
v0x7fd449f01b20_0 .net/2u *"_s12", 6 0, L_0x101f68248;  1 drivers
L_0x101f68a70 .functor BUFT 1, C4<0100011>, C4<0>, C4<0>, C4<0>;
v0x7fd449f01bd0_0 .net/2u *"_s120", 6 0, L_0x101f68a70;  1 drivers
v0x7fd449f01c80_0 .net *"_s122", 0 0, L_0x7fd449d012f0;  1 drivers
L_0x101f68ab8 .functor BUFT 1, C4<0>, C4<0>, C4<0>, C4<0>;
v0x7fd449f01d20_0 .net/2u *"_s124", 0 0, L_0x101f68ab8;  1 drivers
L_0x101f68b00 .functor BUFT 1, C4<0>, C4<0>, C4<0>, C4<0>;
v0x7fd449f01dd0_0 .net/2u *"_s126", 0 0, L_0x101f68b00;  1 drivers
v0x7fd449f01e80_0 .net *"_s128", 0 0, L_0x7fd449d00e40;  1 drivers
v0x7fd449f01f30_0 .net *"_s130", 0 0, L_0x7fd449d01740;  1 drivers
v0x7fd449f01fe0_0 .net *"_s132", 0 0, L_0x7fd449d01860;  1 drivers
L_0x101f68b48 .functor BUFT 1, C4<0110011>, C4<0>, C4<0>, C4<0>;
v0x7fd449f02090_0 .net/2u *"_s136", 6 0, L_0x101f68b48;  1 drivers
v0x7fd449f02140_0 .net *"_s138", 0 0, L_0x7fd449d01b20;  1 drivers
v0x7fd449f021e0_0 .net *"_s14", 0 0, L_0x7fd449e9a190;  1 drivers
L_0x101f68b90 .functor BUFT 1, C4<0>, C4<0>, C4<0>, C4<0>;
v0x7fd449f02280_0 .net/2u *"_s140", 0 0, L_0x101f68b90;  1 drivers
L_0x101f68bd8 .functor BUFT 1, C4<0010011>, C4<0>, C4<0>, C4<0>;
v0x7fd449f02330_0 .net/2u *"_s142", 6 0, L_0x101f68bd8;  1 drivers
v0x7fd449f01860_0 .net *"_s144", 0 0, L_0x7fd449d015f0;  1 drivers
L_0x101f68c20 .functor BUFT 1, C4<0>, C4<0>, C4<0>, C4<0>;
v0x7fd449f025c0_0 .net/2u *"_s146", 0 0, L_0x101f68c20;  1 drivers
L_0x101f68c68 .functor BUFT 1, C4<0000011>, C4<0>, C4<0>, C4<0>;
v0x7fd449f02650_0 .net/2u *"_s148", 6 0, L_0x101f68c68;  1 drivers
v0x7fd449f026e0_0 .net *"_s150", 0 0, L_0x7fd449d01d10;  1 drivers
L_0x101f68cb0 .functor BUFT 1, C4<0>, C4<0>, C4<0>, C4<0>;
v0x7fd449f02780_0 .net/2u *"_s152", 0 0, L_0x101f68cb0;  1 drivers
L_0x101f68cf8 .functor BUFT 1, C4<0100011>, C4<0>, C4<0>, C4<0>;
v0x7fd449f02830_0 .net/2u *"_s154", 6 0, L_0x101f68cf8;  1 drivers
v0x7fd449f028e0_0 .net *"_s156", 0 0, L_0x7fd449d01c00;  1 drivers
L_0x101f68d40 .functor BUFT 1, C4<1>, C4<0>, C4<0>, C4<0>;
v0x7fd449f02980_0 .net/2u *"_s158", 0 0, L_0x101f68d40;  1 drivers
L_0x101f68290 .functor BUFT 1, C4<00>, C4<0>, C4<0>, C4<0>;
v0x7fd449f02a30_0 .net/2u *"_s16", 1 0, L_0x101f68290;  1 drivers
L_0x101f68d88 .functor BUFT 1, C4<0>, C4<0>, C4<0>, C4<0>;
v0x7fd449f02ae0_0 .net/2u *"_s160", 0 0, L_0x101f68d88;  1 drivers
v0x7fd449f02b90_0 .net *"_s162", 0 0, L_0x7fd449d01f10;  1 drivers
v0x7fd449f02c40_0 .net *"_s164", 0 0, L_0x7fd449d020e0;  1 drivers
v0x7fd449f02cf0_0 .net *"_s166", 0 0, L_0x7fd449d02200;  1 drivers
L_0x101f68dd0 .functor BUFT 1, C4<0110011>, C4<0>, C4<0>, C4<0>;
v0x7fd449f02da0_0 .net/2u *"_s170", 6 0, L_0x101f68dd0;  1 drivers
v0x7fd449f02e50_0 .net *"_s172", 0 0, L_0x7fd449d02540;  1 drivers
L_0x101f68e18 .functor BUFT 1, C4<1>, C4<0>, C4<0>, C4<0>;
v0x7fd449f02ef0_0 .net/2u *"_s174", 0 0, L_0x101f68e18;  1 drivers
L_0x101f68e60 .functor BUFT 1, C4<0010011>, C4<0>, C4<0>, C4<0>;
v0x7fd449f02fa0_0 .net/2u *"_s176", 6 0, L_0x101f68e60;  1 drivers
v0x7fd449f03050_0 .net *"_s178", 0 0, L_0x7fd449d022a0;  1 drivers
L_0x101f682d8 .functor BUFT 1, C4<0100011>, C4<0>, C4<0>, C4<0>;
v0x7fd449f030f0_0 .net/2u *"_s18", 6 0, L_0x101f682d8;  1 drivers
L_0x101f68ea8 .functor BUFT 1, C4<1>, C4<0>, C4<0>, C4<0>;
v0x7fd449f031a0_0 .net/2u *"_s180", 0 0, L_0x101f68ea8;  1 drivers
L_0x101f68ef0 .functor BUFT 1, C4<0000011>, C4<0>, C4<0>, C4<0>;
v0x7fd449f03250_0 .net/2u *"_s182", 6 0, L_0x101f68ef0;  1 drivers
v0x7fd449f03300_0 .net *"_s184", 0 0, L_0x7fd449d02770;  1 drivers
L_0x101f68f38 .functor BUFT 1, C4<1>, C4<0>, C4<0>, C4<0>;
v0x7fd449f033a0_0 .net/2u *"_s186", 0 0, L_0x101f68f38;  1 drivers
L_0x101f68f80 .functor BUFT 1, C4<0100011>, C4<0>, C4<0>, C4<0>;
v0x7fd449f03450_0 .net/2u *"_s188", 6 0, L_0x101f68f80;  1 drivers
v0x7fd449f03500_0 .net *"_s190", 0 0, L_0x7fd449d02620;  1 drivers
L_0x101f68fc8 .functor BUFT 1, C4<0>, C4<0>, C4<0>, C4<0>;
v0x7fd449f035a0_0 .net/2u *"_s192", 0 0, L_0x101f68fc8;  1 drivers
L_0x101f69010 .functor BUFT 1, C4<0>, C4<0>, C4<0>, C4<0>;
v0x7fd449f03650_0 .net/2u *"_s194", 0 0, L_0x101f69010;  1 drivers
v0x7fd449f03700_0 .net *"_s196", 0 0, L_0x7fd449d02970;  1 drivers
v0x7fd449f037b0_0 .net *"_s198", 0 0, L_0x7fd449d02890;  1 drivers
v0x7fd449f03860_0 .net *"_s2", 0 0, L_0x7fd449e99f10;  1 drivers
v0x7fd449f03900_0 .net *"_s20", 0 0, L_0x7fd449e9a230;  1 drivers
v0x7fd449f039a0_0 .net *"_s200", 0 0, L_0x7fd449d02c00;  1 drivers
L_0x101f69058 .functor BUFT 1, C4<0110011>, C4<0>, C4<0>, C4<0>;
v0x7fd449e2ae70_0 .net/2u *"_s204", 6 0, L_0x101f69058;  1 drivers
v0x7fd449e89790_0 .net *"_s206", 0 0, L_0x7fd449d02f20;  1 drivers
L_0x101f690a0 .functor BUFT 1, C4<0>, C4<0>, C4<0>, C4<0>;
v0x7fd449e59ec0_0 .net/2u *"_s208", 0 0, L_0x101f690a0;  1 drivers
L_0x101f690e8 .functor BUFT 1, C4<0010011>, C4<0>, C4<0>, C4<0>;
v0x7fd449e59f90_0 .net/2u *"_s210", 6 0, L_0x101f690e8;  1 drivers
v0x7fd449e8b8e0_0 .net *"_s212", 0 0, L_0x7fd449d02ca0;  1 drivers
L_0x101f69130 .functor BUFT 1, C4<0>, C4<0>, C4<0>, C4<0>;
v0x7fd449e8b810_0 .net/2u *"_s214", 0 0, L_0x101f69130;  1 drivers
L_0x101f69178 .functor BUFT 1, C4<0000011>, C4<0>, C4<0>, C4<0>;
v0x7fd449e1d400_0 .net/2u *"_s216", 6 0, L_0x101f69178;  1 drivers
v0x7fd449e8f6e0_0 .net *"_s218", 0 0, L_0x7fd449d02d80;  1 drivers
L_0x101f68320 .functor BUFT 1, C4<00>, C4<0>, C4<0>, C4<0>;
v0x7fd449e8bf50_0 .net/2u *"_s22", 1 0, L_0x101f68320;  1 drivers
L_0x101f691c0 .functor BUFT 1, C4<1>, C4<0>, C4<0>, C4<0>;
v0x7fd449e78ea0_0 .net/2u *"_s220", 0 0, L_0x101f691c0;  1 drivers
L_0x101f69208 .functor BUFT 1, C4<0100011>, C4<0>, C4<0>, C4<0>;
v0x7fd449e5bfb0_0 .net/2u *"_s222", 6 0, L_0x101f69208;  1 drivers
v0x7fd449e59140_0 .net *"_s224", 0 0, L_0x7fd449d03000;  1 drivers
L_0x101f69250 .functor BUFT 1, C4<0>, C4<0>, C4<0>, C4<0>;
v0x7fd449e84300_0 .net/2u *"_s226", 0 0, L_0x101f69250;  1 drivers
L_0x101f69298 .functor BUFT 1, C4<0>, C4<0>, C4<0>, C4<0>;
v0x7fd449e8c520_0 .net/2u *"_s228", 0 0, L_0x101f69298;  1 drivers
v0x7fd449e8c5b0_0 .net *"_s230", 0 0, L_0x7fd449d030e0;  1 drivers
v0x7fd449e58920_0 .net *"_s232", 0 0, L_0x7fd449d00fb0;  1 drivers
v0x7fd449e589b0_0 .net *"_s234", 0 0, L_0x7fd449d033c0;  1 drivers
L_0x101f692e0 .functor BUFT 1, C4<0110011>, C4<0>, C4<0>, C4<0>;
v0x7fd449e8c1c0_0 .net/2u *"_s238", 6 0, L_0x101f692e0;  1 drivers
L_0x101f68368 .functor BUFT 1, C4<01>, C4<0>, C4<0>, C4<0>;
v0x7fd449e8c250_0 .net/2u *"_s24", 1 0, L_0x101f68368;  1 drivers
v0x7fd449e89e60_0 .net *"_s240", 0 0, L_0x7fd449d036e0;  1 drivers
L_0x101f69328 .functor BUFT 1, C4<0>, C4<0>, C4<0>, C4<0>;
v0x7fd449e89ef0_0 .net/2u *"_s242", 0 0, L_0x101f69328;  1 drivers
L_0x101f69370 .functor BUFT 1, C4<0010011>, C4<0>, C4<0>, C4<0>;
v0x7fd449e89b60_0 .net/2u *"_s244", 6 0, L_0x101f69370;  1 drivers
v0x7fd449e89bf0_0 .net *"_s246", 0 0, L_0x7fd449d03460;  1 drivers
L_0x101f693b8 .functor BUFT 1, C4<0>, C4<0>, C4<0>, C4<0>;
v0x7fd449e5c200_0 .net/2u *"_s248", 0 0, L_0x101f693b8;  1 drivers
L_0x101f69400 .functor BUFT 1, C4<0000011>, C4<0>, C4<0>, C4<0>;
v0x7fd449e5c290_0 .net/2u *"_s250", 6 0, L_0x101f69400;  1 drivers
v0x7fd449e56c80_0 .net *"_s252", 0 0, L_0x7fd449d03540;  1 drivers
L_0x101f69448 .functor BUFT 1, C4<0>, C4<0>, C4<0>, C4<0>;
v0x7fd449e56d10_0 .net/2u *"_s254", 0 0, L_0x101f69448;  1 drivers
L_0x101f69490 .functor BUFT 1, C4<0100011>, C4<0>, C4<0>, C4<0>;
v0x7fd449e8f370_0 .net/2u *"_s256", 6 0, L_0x101f69490;  1 drivers
v0x7fd449e8f400_0 .net *"_s258", 0 0, L_0x7fd449d039a0;  1 drivers
v0x7fd449e58be0_0 .net *"_s26", 1 0, L_0x7fd449e9a350;  1 drivers
L_0x101f694d8 .functor BUFT 1, C4<0>, C4<0>, C4<0>, C4<0>;
v0x7fd449e58c70_0 .net/2u *"_s260", 0 0, L_0x101f694d8;  1 drivers
L_0x101f69520 .functor BUFT 1, C4<1>, C4<0>, C4<0>, C4<0>;
v0x7fd449e88f80_0 .net/2u *"_s262", 0 0, L_0x101f69520;  1 drivers
v0x7fd449e89010_0 .net *"_s264", 0 0, L_0x7fd449d013d0;  1 drivers
v0x7fd449e869d0_0 .net *"_s266", 0 0, L_0x7fd449d037c0;  1 drivers
v0x7fd449e86a60_0 .net *"_s268", 0 0, L_0x7fd449d038a0;  1 drivers
v0x7fd449e80a00_0 .net *"_s28", 1 0, L_0x7fd449e9a4b0;  1 drivers
v0x7fd449e80a90_0 .net *"_s30", 1 0, L_0x7fd449e9a610;  1 drivers
L_0x101f683b0 .functor BUFT 1, C4<0110011>, C4<0>, C4<0>, C4<0>;
v0x7fd449e82d00_0 .net/2u *"_s34", 6 0, L_0x101f683b0;  1 drivers
v0x7fd449e82d90_0 .net *"_s36", 0 0, L_0x7fd449e9a950;  1 drivers
L_0x101f683f8 .functor BUFT 1, C4<0>, C4<0>, C4<0>, C4<0>;
v0x7fd449e82600_0 .net/2u *"_s38", 0 0, L_0x101f683f8;  1 drivers
L_0x101f68170 .functor BUFT 1, C4<10>, C4<0>, C4<0>, C4<0>;
v0x7fd449e82690_0 .net/2u *"_s4", 1 0, L_0x101f68170;  1 drivers
L_0x101f68440 .functor BUFT 1, C4<0010011>, C4<0>, C4<0>, C4<0>;
v0x7fd449e802e0_0 .net/2u *"_s40", 6 0, L_0x101f68440;  1 drivers
v0x7fd449e80370_0 .net *"_s42", 0 0, L_0x7fd449e9aa80;  1 drivers
L_0x101f68488 .functor BUFT 1, C4<1>, C4<0>, C4<0>, C4<0>;
v0x7fd449e81f00_0 .net/2u *"_s44", 0 0, L_0x101f68488;  1 drivers
L_0x101f684d0 .functor BUFT 1, C4<0000011>, C4<0>, C4<0>, C4<0>;
v0x7fd449e81f90_0 .net/2u *"_s46", 6 0, L_0x101f684d0;  1 drivers
v0x7fd449e81800_0 .net *"_s48", 0 0, L_0x7fd449e9ac20;  1 drivers
L_0x101f68518 .functor BUFT 1, C4<1>, C4<0>, C4<0>, C4<0>;
v0x7fd449e81890_0 .net/2u *"_s50", 0 0, L_0x101f68518;  1 drivers
L_0x101f68560 .functor BUFT 1, C4<0100011>, C4<0>, C4<0>, C4<0>;
v0x7fd449e81100_0 .net/2u *"_s52", 6 0, L_0x101f68560;  1 drivers
v0x7fd449e81190_0 .net *"_s54", 0 0, L_0x7fd449e9ad20;  1 drivers
L_0x101f685a8 .functor BUFT 1, C4<1>, C4<0>, C4<0>, C4<0>;
v0x7fd449e8ee70_0 .net/2u *"_s56", 0 0, L_0x101f685a8;  1 drivers
L_0x101f685f0 .functor BUFT 1, C4<0>, C4<0>, C4<0>, C4<0>;
v0x7fd449e8ef00_0 .net/2u *"_s58", 0 0, L_0x101f685f0;  1 drivers
L_0x101f681b8 .functor BUFT 1, C4<0010011>, C4<0>, C4<0>, C4<0>;
v0x7fd449e8d790_0 .net/2u *"_s6", 6 0, L_0x101f681b8;  1 drivers
v0x7fd449e8d820_0 .net *"_s60", 0 0, L_0x7fd449e9aec0;  1 drivers
v0x7fd449e7fb70_0 .net *"_s62", 0 0, L_0x7fd449e9afa0;  1 drivers
v0x7fd449e7fc00_0 .net *"_s64", 0 0, L_0x7fd449e9b100;  1 drivers
L_0x101f68638 .functor BUFT 1, C4<0110011>, C4<0>, C4<0>, C4<0>;
v0x7fd449e5b610_0 .net/2u *"_s68", 6 0, L_0x101f68638;  1 drivers
v0x7fd449e5b6a0_0 .net *"_s70", 0 0, L_0x7fd449e9b400;  1 drivers
L_0x101f68680 .functor BUFT 1, C4<0>, C4<0>, C4<0>, C4<0>;
v0x7fd449e631f0_0 .net/2u *"_s72", 0 0, L_0x101f68680;  1 drivers
L_0x101f686c8 .functor BUFT 1, C4<0010011>, C4<0>, C4<0>, C4<0>;
v0x7fd449e63280_0 .net/2u *"_s74", 6 0, L_0x101f686c8;  1 drivers
v0x7fd449e5f8e0_0 .net *"_s76", 0 0, L_0x7fd449e9b570;  1 drivers
L_0x101f68710 .functor BUFT 1, C4<0>, C4<0>, C4<0>, C4<0>;
v0x7fd449e5f970_0 .net/2u *"_s78", 0 0, L_0x101f68710;  1 drivers
v0x7fd449e78830_0 .net *"_s8", 0 0, L_0x7fd449e99ff0;  1 drivers
L_0x101f68758 .functor BUFT 1, C4<0000011>, C4<0>, C4<0>, C4<0>;
v0x7fd449e788c0_0 .net/2u *"_s80", 6 0, L_0x101f68758;  1 drivers
v0x7fd449e74f20_0 .net *"_s82", 0 0, L_0x7fd449d00490;  1 drivers
L_0x101f687a0 .functor BUFT 1, C4<0>, C4<0>, C4<0>, C4<0>;
v0x7fd449e74fb0_0 .net/2u *"_s84", 0 0, L_0x101f687a0;  1 drivers
L_0x101f687e8 .functor BUFT 1, C4<0100011>, C4<0>, C4<0>, C4<0>;
v0x7fd449e71610_0 .net/2u *"_s86", 6 0, L_0x101f687e8;  1 drivers
v0x7fd449e716a0_0 .net *"_s88", 0 0, L_0x7fd449d00610;  1 drivers
L_0x101f68830 .functor BUFT 1, C4<0>, C4<0>, C4<0>, C4<0>;
v0x7fd449e6dd00_0 .net/2u *"_s90", 0 0, L_0x101f68830;  1 drivers
L_0x101f68878 .functor BUFT 1, C4<1>, C4<0>, C4<0>, C4<0>;
v0x7fd449e6dd90_0 .net/2u *"_s92", 0 0, L_0x101f68878;  1 drivers
v0x7fd449e6a3f0_0 .net *"_s94", 0 0, L_0x7fd449d00730;  1 drivers
v0x7fd449e6a480_0 .net *"_s96", 0 0, L_0x7fd449d008e0;  1 drivers
v0x7fd449e66b00_0 .net *"_s98", 0 0, L_0x7fd449d00a40;  1 drivers
v0x7fd449e66b90_0 .net "flush_o", 0 0, L_0x7fd449d03cc0;  1 drivers
L_0x7fd449e99f10 .cmp/eq 7, L_0x7fd449d03e60, L_0x101f68128;
L_0x7fd449e99ff0 .cmp/eq 7, L_0x7fd449d03e60, L_0x101f681b8;
L_0x7fd449e9a190 .cmp/eq 7, L_0x7fd449d03e60, L_0x101f68248;
L_0x7fd449e9a230 .cmp/eq 7, L_0x7fd449d03e60, L_0x101f682d8;
L_0x7fd449e9a350 .functor MUXZ 2, L_0x101f68368, L_0x101f68320, L_0x7fd449e9a230, C4<>;
L_0x7fd449e9a4b0 .functor MUXZ 2, L_0x7fd449e9a350, L_0x101f68290, L_0x7fd449e9a190, C4<>;
L_0x7fd449e9a610 .functor MUXZ 2, L_0x7fd449e9a4b0, L_0x101f68200, L_0x7fd449e99ff0, C4<>;
L_0x7fd449e9a7b0 .functor MUXZ 2, L_0x7fd449e9a610, L_0x101f68170, L_0x7fd449e99f10, C4<>;
L_0x7fd449e9a950 .cmp/eq 7, L_0x7fd449d03e60, L_0x101f683b0;
L_0x7fd449e9aa80 .cmp/eq 7, L_0x7fd449d03e60, L_0x101f68440;
L_0x7fd449e9ac20 .cmp/eq 7, L_0x7fd449d03e60, L_0x101f684d0;
L_0x7fd449e9ad20 .cmp/eq 7, L_0x7fd449d03e60, L_0x101f68560;
L_0x7fd449e9aec0 .functor MUXZ 1, L_0x101f685f0, L_0x101f685a8, L_0x7fd449e9ad20, C4<>;
L_0x7fd449e9afa0 .functor MUXZ 1, L_0x7fd449e9aec0, L_0x101f68518, L_0x7fd449e9ac20, C4<>;
L_0x7fd449e9b100 .functor MUXZ 1, L_0x7fd449e9afa0, L_0x101f68488, L_0x7fd449e9aa80, C4<>;
L_0x7fd449e9b260 .functor MUXZ 1, L_0x7fd449e9b100, L_0x101f683f8, L_0x7fd449e9a950, C4<>;
L_0x7fd449e9b400 .cmp/eq 7, L_0x7fd449d03e60, L_0x101f68638;
L_0x7fd449e9b570 .cmp/eq 7, L_0x7fd449d03e60, L_0x101f686c8;
L_0x7fd449d00490 .cmp/eq 7, L_0x7fd449d03e60, L_0x101f68758;
L_0x7fd449d00610 .cmp/eq 7, L_0x7fd449d03e60, L_0x101f687e8;
L_0x7fd449d00730 .functor MUXZ 1, L_0x101f68878, L_0x101f68830, L_0x7fd449d00610, C4<>;
L_0x7fd449d008e0 .functor MUXZ 1, L_0x7fd449d00730, L_0x101f687a0, L_0x7fd449d00490, C4<>;
L_0x7fd449d00a40 .functor MUXZ 1, L_0x7fd449d008e0, L_0x101f68710, L_0x7fd449e9b570, C4<>;
L_0x7fd449d00ba0 .functor MUXZ 1, L_0x7fd449d00a40, L_0x101f68680, L_0x7fd449e9b400, C4<>;
L_0x7fd449d00d40 .cmp/eq 7, L_0x7fd449d03e60, L_0x101f688c0;
L_0x7fd449d010f0 .cmp/eq 7, L_0x7fd449d03e60, L_0x101f68950;
L_0x7fd449d007d0 .cmp/eq 7, L_0x7fd449d03e60, L_0x101f689e0;
L_0x7fd449d012f0 .cmp/eq 7, L_0x7fd449d03e60, L_0x101f68a70;
L_0x7fd449d00e40 .functor MUXZ 1, L_0x101f68b00, L_0x101f68ab8, L_0x7fd449d012f0, C4<>;
L_0x7fd449d01740 .functor MUXZ 1, L_0x7fd449d00e40, L_0x101f68a28, L_0x7fd449d007d0, C4<>;
L_0x7fd449d01860 .functor MUXZ 1, L_0x7fd449d01740, L_0x101f68998, L_0x7fd449d010f0, C4<>;
L_0x7fd449d019c0 .functor MUXZ 1, L_0x7fd449d01860, L_0x101f68908, L_0x7fd449d00d40, C4<>;
L_0x7fd449d01b20 .cmp/eq 7, L_0x7fd449d03e60, L_0x101f68b48;
L_0x7fd449d015f0 .cmp/eq 7, L_0x7fd449d03e60, L_0x101f68bd8;
L_0x7fd449d01d10 .cmp/eq 7, L_0x7fd449d03e60, L_0x101f68c68;
L_0x7fd449d01c00 .cmp/eq 7, L_0x7fd449d03e60, L_0x101f68cf8;
L_0x7fd449d01f10 .functor MUXZ 1, L_0x101f68d88, L_0x101f68d40, L_0x7fd449d01c00, C4<>;
L_0x7fd449d020e0 .functor MUXZ 1, L_0x7fd449d01f10, L_0x101f68cb0, L_0x7fd449d01d10, C4<>;
L_0x7fd449d02200 .functor MUXZ 1, L_0x7fd449d020e0, L_0x101f68c20, L_0x7fd449d015f0, C4<>;
L_0x7fd449d023e0 .functor MUXZ 1, L_0x7fd449d02200, L_0x101f68b90, L_0x7fd449d01b20, C4<>;
L_0x7fd449d02540 .cmp/eq 7, L_0x7fd449d03e60, L_0x101f68dd0;
L_0x7fd449d022a0 .cmp/eq 7, L_0x7fd449d03e60, L_0x101f68e60;
L_0x7fd449d02770 .cmp/eq 7, L_0x7fd449d03e60, L_0x101f68ef0;
L_0x7fd449d02620 .cmp/eq 7, L_0x7fd449d03e60, L_0x101f68f80;
L_0x7fd449d02970 .functor MUXZ 1, L_0x101f69010, L_0x101f68fc8, L_0x7fd449d02620, C4<>;
L_0x7fd449d02890 .functor MUXZ 1, L_0x7fd449d02970, L_0x101f68f38, L_0x7fd449d02770, C4<>;
L_0x7fd449d02c00 .functor MUXZ 1, L_0x7fd449d02890, L_0x101f68ea8, L_0x7fd449d022a0, C4<>;
L_0x7fd449d02ad0 .functor MUXZ 1, L_0x7fd449d02c00, L_0x101f68e18, L_0x7fd449d02540, C4<>;
L_0x7fd449d02f20 .cmp/eq 7, L_0x7fd449d03e60, L_0x101f69058;
L_0x7fd449d02ca0 .cmp/eq 7, L_0x7fd449d03e60, L_0x101f690e8;
L_0x7fd449d02d80 .cmp/eq 7, L_0x7fd449d03e60, L_0x101f69178;
L_0x7fd449d03000 .cmp/eq 7, L_0x7fd449d03e60, L_0x101f69208;
L_0x7fd449d030e0 .functor MUXZ 1, L_0x101f69298, L_0x101f69250, L_0x7fd449d03000, C4<>;
L_0x7fd449d00fb0 .functor MUXZ 1, L_0x7fd449d030e0, L_0x101f691c0, L_0x7fd449d02d80, C4<>;
L_0x7fd449d033c0 .functor MUXZ 1, L_0x7fd449d00fb0, L_0x101f69130, L_0x7fd449d02ca0, C4<>;
L_0x7fd449d03290 .functor MUXZ 1, L_0x7fd449d033c0, L_0x101f690a0, L_0x7fd449d02f20, C4<>;
L_0x7fd449d036e0 .cmp/eq 7, L_0x7fd449d03e60, L_0x101f692e0;
L_0x7fd449d03460 .cmp/eq 7, L_0x7fd449d03e60, L_0x101f69370;
L_0x7fd449d03540 .cmp/eq 7, L_0x7fd449d03e60, L_0x101f69400;
L_0x7fd449d039a0 .cmp/eq 7, L_0x7fd449d03e60, L_0x101f69490;
L_0x7fd449d013d0 .functor MUXZ 1, L_0x101f69520, L_0x101f694d8, L_0x7fd449d039a0, C4<>;
L_0x7fd449d037c0 .functor MUXZ 1, L_0x7fd449d013d0, L_0x101f69448, L_0x7fd449d03540, C4<>;
L_0x7fd449d038a0 .functor MUXZ 1, L_0x7fd449d037c0, L_0x101f693b8, L_0x7fd449d03460, C4<>;
L_0x7fd449d03cc0 .functor MUXZ 1, L_0x7fd449d038a0, L_0x101f69328, L_0x7fd449d036e0, C4<>;
S_0x7fd449e5bc10 .scope module, "Data_Memory" "Data_Memory" 3 241, 8 1 0, S_0x7fd449c0bc50;
 .timescale 0 0;
    .port_info 0 /INPUT 1 "clk_i"
    .port_info 1 /INPUT 32 "addr_i"
    .port_info 2 /INPUT 1 "MemWrite_i"
    .port_info 3 /INPUT 32 "data_i"
    .port_info 4 /OUTPUT 32 "data_o"
v0x7fd449e83fa0_0 .net "MemWrite_i", 0 0, v0x7fd449e948d0_0;  1 drivers
v0x7fd449e84030_0 .net *"_s0", 31 0, L_0x7fd449d0e660;  1 drivers
v0x7fd449e321f0_0 .net "addr_i", 31 0, v0x7fd449e94570_0;  1 drivers
v0x7fd449e32280_0 .net "clk_i", 0 0, v0x7fd449e99070_0;  alias, 1 drivers
v0x7fd449e32310_0 .net "data_i", 31 0, v0x7fd449e94c30_0;  1 drivers
v0x7fd449e323a0_0 .net "data_o", 31 0, L_0x7fd449d0e700;  1 drivers
v0x7fd449e19140 .array "memory", 1023 0, 31 0;
E_0x7fd449e8b8a0 .event posedge, v0x7fd449e32280_0;
L_0x7fd449d0e660 .array/port v0x7fd449e19140, v0x7fd449e94570_0;
L_0x7fd449d0e700 .functor MUXZ 32, L_0x7fd449d0e660, v0x7fd449e94c30_0, v0x7fd449e948d0_0, C4<>;
S_0x7fd449e191d0 .scope module, "Forwarding_Unit" "Forwarding_Unit" 3 191, 9 1 0, S_0x7fd449c0bc50;
 .timescale 0 0;
    .port_info 0 /INPUT 5 "ID_EX_RsAddr_i"
    .port_info 1 /INPUT 5 "ID_EX_RtAddr_i"
    .port_info 2 /INPUT 1 "EX_MEM_RegWrite_i"
    .port_info 3 /INPUT 5 "EX_MEM_RdAddr_i"
    .port_info 4 /INPUT 1 "MEM_WB_RegWrite_i"
    .port_info 5 /INPUT 5 "MEM_WB_RdAddr_i"
    .port_info 6 /OUTPUT 2 "EX_RsOverride_o"
    .port_info 7 /OUTPUT 2 "EX_RtOverride_o"
L_0x7fd449d09240 .functor AND 1, v0x7fd449e94b10_0, L_0x7fd449d09100, C4<1>, C4<1>;
L_0x7fd449d09460 .functor AND 1, L_0x7fd449d09240, L_0x7fd449d09300, C4<1>, C4<1>;
L_0x7fd449d09820 .functor AND 1, v0x7fd449e94b10_0, L_0x7fd449d096b0, C4<1>, C4<1>;
L_0x7fd449d09a30 .functor AND 1, L_0x7fd449d09820, L_0x7fd449d09950, C4<1>, C4<1>;
L_0x7fd449d09c60 .functor AND 1, v0x7fd449e97350_0, L_0x7fd449d09b40, C4<1>, C4<1>;
L_0x7fd449d09db0 .functor AND 1, L_0x7fd449d09c60, L_0x7fd449d09d10, C4<1>, C4<1>;
L_0x7fd449d0a410 .functor AND 1, v0x7fd449e94b10_0, L_0x7fd449d0a330, C4<1>, C4<1>;
L_0x7fd449d093a0 .functor AND 1, L_0x7fd449d0a410, L_0x7fd449d0a500, C4<1>, C4<1>;
L_0x7fd449d0a6a0 .functor AND 1, v0x7fd449e94b10_0, L_0x7fd449d0a850, C4<1>, C4<1>;
L_0x7fd449d0ab40 .functor AND 1, L_0x7fd449d0a6a0, L_0x7fd449d0aaa0, C4<1>, C4<1>;
L_0x7fd449d0adc0 .functor AND 1, v0x7fd449e97350_0, L_0x7fd449d0ac50, C4<1>, C4<1>;
L_0x7fd449d0b010 .functor AND 1, L_0x7fd449d0adc0, L_0x7fd449d0ae70, C4<1>, C4<1>;
v0x7fd449e153a0_0 .net "EX_MEM_RdAddr_i", 4 0, v0x7fd449e949f0_0;  1 drivers
v0x7fd449e15430_0 .net "EX_MEM_RegWrite_i", 0 0, v0x7fd449e94b10_0;  1 drivers
v0x7fd449e154c0_0 .net "EX_RsOverride_o", 1 0, L_0x7fd449d0a050;  1 drivers
v0x7fd449e15550_0 .net "EX_RtOverride_o", 1 0, L_0x7fd449d0b200;  1 drivers
v0x7fd449e2f9e0_0 .net "ID_EX_RsAddr_i", 4 0, L_0x7fd449d0b3a0;  1 drivers
v0x7fd449e2fa70_0 .net "ID_EX_RtAddr_i", 4 0, L_0x7fd449d0b540;  1 drivers
v0x7fd449e2fb00_0 .net "MEM_WB_RdAddr_i", 4 0, v0x7fd449e97090_0;  1 drivers
v0x7fd449e2fb90_0 .net "MEM_WB_RegWrite_i", 0 0, v0x7fd449e97350_0;  1 drivers
v0x7fd449e09fb0_0 .net *"_s0", 31 0, L_0x7fd449d08fe0;  1 drivers
v0x7fd449e0a040_0 .net *"_s10", 0 0, L_0x7fd449d09300;  1 drivers
v0x7fd449e0a0d0_0 .net *"_s12", 0 0, L_0x7fd449d09460;  1 drivers
L_0x101f69c28 .functor BUFT 1, C4<10>, C4<0>, C4<0>, C4<0>;
v0x7fd449e0a160_0 .net/2u *"_s14", 1 0, L_0x101f69c28;  1 drivers
v0x7fd449e1bcf0_0 .net *"_s16", 31 0, L_0x7fd449d09590;  1 drivers
L_0x101f69c70 .functor BUFT 1, C4<000000000000000000000000000>, C4<0>, C4<0>, C4<0>;
v0x7fd449e1bd80_0 .net *"_s19", 26 0, L_0x101f69c70;  1 drivers
L_0x101f69cb8 .functor BUFT 1, C4<00000000000000000000000000000000>, C4<0>, C4<0>, C4<0>;
v0x7fd449e1be10_0 .net/2u *"_s20", 31 0, L_0x101f69cb8;  1 drivers
v0x7fd449e1bea0_0 .net *"_s22", 0 0, L_0x7fd449d096b0;  1 drivers
v0x7fd449e29f70_0 .net *"_s24", 0 0, L_0x7fd449d09820;  1 drivers
v0x7fd449e2a100_0 .net *"_s26", 0 0, L_0x7fd449d09950;  1 drivers
v0x7fd449e2a190_0 .net *"_s28", 0 0, L_0x7fd449d09a30;  1 drivers
L_0x101f69b98 .functor BUFT 1, C4<000000000000000000000000000>, C4<0>, C4<0>, C4<0>;
v0x7fd449e16060_0 .net *"_s3", 26 0, L_0x101f69b98;  1 drivers
v0x7fd449e160f0_0 .net *"_s31", 0 0, L_0x7fd449d09b40;  1 drivers
v0x7fd449e16180_0 .net *"_s32", 0 0, L_0x7fd449d09c60;  1 drivers
v0x7fd449e16210_0 .net *"_s34", 0 0, L_0x7fd449d09d10;  1 drivers
v0x7fd449e21f80_0 .net *"_s36", 0 0, L_0x7fd449d09db0;  1 drivers
L_0x101f69d00 .functor BUFT 1, C4<01>, C4<0>, C4<0>, C4<0>;
v0x7fd449e22010_0 .net/2u *"_s38", 1 0, L_0x101f69d00;  1 drivers
L_0x101f69be0 .functor BUFT 1, C4<00000000000000000000000000000000>, C4<0>, C4<0>, C4<0>;
v0x7fd449e220a0_0 .net/2u *"_s4", 31 0, L_0x101f69be0;  1 drivers
L_0x101f69d48 .functor BUFT 1, C4<00>, C4<0>, C4<0>, C4<0>;
v0x7fd449e22130_0 .net/2u *"_s40", 1 0, L_0x101f69d48;  1 drivers
v0x7fd449e09260_0 .net *"_s42", 1 0, L_0x7fd449d09ec0;  1 drivers
v0x7fd449e092f0_0 .net *"_s46", 31 0, L_0x7fd449d0a1f0;  1 drivers
L_0x101f69d90 .functor BUFT 1, C4<000000000000000000000000000>, C4<0>, C4<0>, C4<0>;
v0x7fd449e09380_0 .net *"_s49", 26 0, L_0x101f69d90;  1 drivers
L_0x101f69dd8 .functor BUFT 1, C4<00000000000000000000000000000000>, C4<0>, C4<0>, C4<0>;
v0x7fd449e09410_0 .net/2u *"_s50", 31 0, L_0x101f69dd8;  1 drivers
v0x7fd449e132b0_0 .net *"_s52", 0 0, L_0x7fd449d0a330;  1 drivers
v0x7fd449e13340_0 .net *"_s54", 0 0, L_0x7fd449d0a410;  1 drivers
v0x7fd449e0c9e0_0 .net *"_s56", 0 0, L_0x7fd449d0a500;  1 drivers
v0x7fd449e2a000_0 .net *"_s58", 0 0, L_0x7fd449d093a0;  1 drivers
v0x7fd449e133d0_0 .net *"_s6", 0 0, L_0x7fd449d09100;  1 drivers
L_0x101f69e20 .functor BUFT 1, C4<10>, C4<0>, C4<0>, C4<0>;
v0x7fd449e13460_0 .net/2u *"_s60", 1 0, L_0x101f69e20;  1 drivers
v0x7fd449e27380_0 .net *"_s62", 31 0, L_0x7fd449d0a750;  1 drivers
L_0x101f69e68 .functor BUFT 1, C4<000000000000000000000000000>, C4<0>, C4<0>, C4<0>;
v0x7fd449e27410_0 .net *"_s65", 26 0, L_0x101f69e68;  1 drivers
L_0x101f69eb0 .functor BUFT 1, C4<00000000000000000000000000000000>, C4<0>, C4<0>, C4<0>;
v0x7fd449e274a0_0 .net/2u *"_s66", 31 0, L_0x101f69eb0;  1 drivers
v0x7fd449e27530_0 .net *"_s68", 0 0, L_0x7fd449d0a850;  1 drivers
v0x7fd449e2ddc0_0 .net *"_s70", 0 0, L_0x7fd449d0a6a0;  1 drivers
v0x7fd449e2de50_0 .net *"_s72", 0 0, L_0x7fd449d0aaa0;  1 drivers
v0x7fd449e2dee0_0 .net *"_s74", 0 0, L_0x7fd449d0ab40;  1 drivers
v0x7fd449e2df70_0 .net *"_s77", 0 0, L_0x7fd449d0ac50;  1 drivers
v0x7fd449e0db40_0 .net *"_s78", 0 0, L_0x7fd449d0adc0;  1 drivers
v0x7fd449e0dbd0_0 .net *"_s8", 0 0, L_0x7fd449d09240;  1 drivers
v0x7fd449e0dc60_0 .net *"_s80", 0 0, L_0x7fd449d0ae70;  1 drivers
v0x7fd449e0dcf0_0 .net *"_s82", 0 0, L_0x7fd449d0b010;  1 drivers
L_0x101f69ef8 .functor BUFT 1, C4<01>, C4<0>, C4<0>, C4<0>;
v0x7fd449e00230_0 .net/2u *"_s84", 1 0, L_0x101f69ef8;  1 drivers
L_0x101f69f40 .functor BUFT 1, C4<00>, C4<0>, C4<0>, C4<0>;
v0x7fd449e002c0_0 .net/2u *"_s86", 1 0, L_0x101f69f40;  1 drivers
v0x7fd449e00350_0 .net *"_s88", 1 0, L_0x7fd449d0b0c0;  1 drivers
L_0x7fd449d08fe0 .concat [ 5 27 0 0], v0x7fd449e949f0_0, L_0x101f69b98;
L_0x7fd449d09100 .cmp/ne 32, L_0x7fd449d08fe0, L_0x101f69be0;
L_0x7fd449d09300 .cmp/eq 5, v0x7fd449e949f0_0, L_0x7fd449d0b3a0;
L_0x7fd449d09590 .concat [ 5 27 0 0], v0x7fd449e949f0_0, L_0x101f69c70;
L_0x7fd449d096b0 .cmp/ne 32, L_0x7fd449d09590, L_0x101f69cb8;
L_0x7fd449d09950 .cmp/eq 5, v0x7fd449e949f0_0, L_0x7fd449d0b3a0;
L_0x7fd449d09b40 .reduce/nor L_0x7fd449d09a30;
L_0x7fd449d09d10 .cmp/eq 5, v0x7fd449e97090_0, L_0x7fd449d0b3a0;
L_0x7fd449d09ec0 .functor MUXZ 2, L_0x101f69d48, L_0x101f69d00, L_0x7fd449d09db0, C4<>;
L_0x7fd449d0a050 .functor MUXZ 2, L_0x7fd449d09ec0, L_0x101f69c28, L_0x7fd449d09460, C4<>;
L_0x7fd449d0a1f0 .concat [ 5 27 0 0], v0x7fd449e949f0_0, L_0x101f69d90;
L_0x7fd449d0a330 .cmp/ne 32, L_0x7fd449d0a1f0, L_0x101f69dd8;
L_0x7fd449d0a500 .cmp/eq 5, v0x7fd449e949f0_0, L_0x7fd449d0b540;
L_0x7fd449d0a750 .concat [ 5 27 0 0], v0x7fd449e949f0_0, L_0x101f69e68;
L_0x7fd449d0a850 .cmp/ne 32, L_0x7fd449d0a750, L_0x101f69eb0;
L_0x7fd449d0aaa0 .cmp/eq 5, v0x7fd449e949f0_0, L_0x7fd449d0b540;
L_0x7fd449d0ac50 .reduce/nor L_0x7fd449d0ab40;
L_0x7fd449d0ae70 .cmp/eq 5, v0x7fd449e97090_0, L_0x7fd449d0b540;
L_0x7fd449d0b0c0 .functor MUXZ 2, L_0x101f69f40, L_0x101f69ef8, L_0x7fd449d0b010, C4<>;
L_0x7fd449d0b200 .functor MUXZ 2, L_0x7fd449d0b0c0, L_0x101f69e20, L_0x7fd449d093a0, C4<>;
S_0x7fd449e255d0 .scope module, "Hazard_Detection_Unit" "Hazard_Detection_Unit" 3 60, 10 1 0, S_0x7fd449c0bc50;
 .timescale 0 0;
    .port_info 0 /INPUT 1 "ID_EX_MemRead_i"
    .port_info 1 /INPUT 5 "IF_ID_RsAddr_i"
    .port_info 2 /INPUT 5 "IF_ID_RtAddr_i"
    .port_info 3 /INPUT 5 "ID_EX_RdAddr_i"
    .port_info 4 /OUTPUT 1 "stall_o"
L_0x7fd449e8bdc0 .functor OR 1, L_0x7fd449e99910, L_0x7fd449e999b0, C4<0>, C4<0>;
L_0x7fd449e98200 .functor AND 1, v0x7fd449e95610_0, L_0x7fd449e8bdc0, C4<1>, C4<1>;
v0x7fd449e003e0_0 .net "ID_EX_MemRead_i", 0 0, v0x7fd449e95610_0;  1 drivers
v0x7fd449e25730_0 .net "ID_EX_RdAddr_i", 4 0, L_0x7fd449e99e30;  1 drivers
v0x7fd449e257c0_0 .net "IF_ID_RsAddr_i", 4 0, L_0x7fd449e99c30;  1 drivers
v0x7fd449e23480_0 .net "IF_ID_RtAddr_i", 4 0, L_0x7fd449e99d50;  1 drivers
v0x7fd449e23510_0 .net *"_s0", 0 0, L_0x7fd449e99910;  1 drivers
L_0x101f680e0 .functor BUFT 1, C4<0>, C4<0>, C4<0>, C4<0>;
v0x7fd449e235a0_0 .net/2u *"_s10", 0 0, L_0x101f680e0;  1 drivers
v0x7fd449e23630_0 .net *"_s2", 0 0, L_0x7fd449e999b0;  1 drivers
v0x7fd449e8f7c0_0 .net *"_s4", 0 0, L_0x7fd449e8bdc0;  1 drivers
v0x7fd449e8f850_0 .net *"_s6", 0 0, L_0x7fd449e98200;  1 drivers
L_0x101f68098 .functor BUFT 1, C4<1>, C4<0>, C4<0>, C4<0>;
v0x7fd449e8f8e0_0 .net/2u *"_s8", 0 0, L_0x101f68098;  1 drivers
v0x7fd449e8f970_0 .net "stall_o", 0 0, L_0x7fd449e99a90;  1 drivers
L_0x7fd449e99910 .cmp/eq 5, L_0x7fd449e99e30, L_0x7fd449e99c30;
L_0x7fd449e999b0 .cmp/eq 5, L_0x7fd449e99e30, L_0x7fd449e99d50;
L_0x7fd449e99a90 .functor MUXZ 1, L_0x101f680e0, L_0x101f68098, L_0x7fd449e98200, C4<>;
S_0x7fd449e8fa00 .scope module, "Immgen" "Immgen" 3 81, 11 1 0, S_0x7fd449c0bc50;
 .timescale 0 0;
    .port_info 0 /INPUT 32 "data_i"
    .port_info 1 /OUTPUT 32 "data_o"
L_0x7fd449d04300 .functor OR 1, L_0x7fd449d04020, L_0x7fd449d041e0, C4<0>, C4<0>;
v0x7fd449e8fb60_0 .net *"_s1", 6 0, L_0x7fd449d03f80;  1 drivers
v0x7fd449e8fbf0_0 .net *"_s10", 0 0, L_0x7fd449d041e0;  1 drivers
v0x7fd449e8fc80_0 .net *"_s12", 0 0, L_0x7fd449d04300;  1 drivers
v0x7fd449e8fd10_0 .net *"_s15", 0 0, L_0x7fd449d043f0;  1 drivers
v0x7fd449e8fda0_0 .net *"_s16", 19 0, L_0x7fd449d04490;  1 drivers
v0x7fd449e8fe30_0 .net *"_s19", 11 0, L_0x7fd449d046a0;  1 drivers
L_0x101f69568 .functor BUFT 1, C4<0010011>, C4<0>, C4<0>, C4<0>;
v0x7fd449e8fec0_0 .net/2u *"_s2", 6 0, L_0x101f69568;  1 drivers
v0x7fd449e8ff50_0 .net *"_s20", 31 0, L_0x7fd449d045e0;  1 drivers
v0x7fd449e8ffe0_0 .net *"_s23", 6 0, L_0x7fd449d04aa0;  1 drivers
L_0x101f695f8 .functor BUFT 1, C4<0100011>, C4<0>, C4<0>, C4<0>;
v0x7fd449e90070_0 .net/2u *"_s24", 6 0, L_0x101f695f8;  1 drivers
v0x7fd449e90100_0 .net *"_s26", 0 0, L_0x7fd449d04b90;  1 drivers
v0x7fd449e90190_0 .net *"_s29", 0 0, L_0x7fd449d04c70;  1 drivers
v0x7fd449e90220_0 .net *"_s30", 19 0, L_0x7fd449d04d70;  1 drivers
v0x7fd449e902b0_0 .net *"_s33", 6 0, L_0x7fd449d04f80;  1 drivers
v0x7fd449e90340_0 .net *"_s35", 4 0, L_0x7fd449d04ec0;  1 drivers
v0x7fd449e903d0_0 .net *"_s36", 31 0, L_0x7fd449d052f0;  1 drivers
v0x7fd449e90460_0 .net *"_s39", 0 0, L_0x7fd449d05410;  1 drivers
v0x7fd449e905f0_0 .net *"_s4", 0 0, L_0x7fd449d04020;  1 drivers
v0x7fd449e90680_0 .net *"_s40", 19 0, L_0x7fd449d054b0;  1 drivers
v0x7fd449e90710_0 .net *"_s43", 0 0, L_0x7fd449d05600;  1 drivers
v0x7fd449e907a0_0 .net *"_s45", 0 0, L_0x7fd449d059c0;  1 drivers
v0x7fd449e90830_0 .net *"_s47", 5 0, L_0x7fd449d05a60;  1 drivers
v0x7fd449e908c0_0 .net *"_s49", 3 0, L_0x7fd449d049a0;  1 drivers
v0x7fd449e90950_0 .net *"_s50", 31 0, L_0x7fd449d05d00;  1 drivers
v0x7fd449e909e0_0 .net *"_s52", 31 0, L_0x7fd449d05da0;  1 drivers
v0x7fd449e90a70_0 .net *"_s7", 6 0, L_0x7fd449d04140;  1 drivers
L_0x101f695b0 .functor BUFT 1, C4<0000011>, C4<0>, C4<0>, C4<0>;
v0x7fd449e90b00_0 .net/2u *"_s8", 6 0, L_0x101f695b0;  1 drivers
v0x7fd449e90b90_0 .net "data_i", 31 0, v0x7fd449e967f0_0;  1 drivers
v0x7fd449e90c20_0 .net "data_o", 31 0, L_0x7fd449d05f40;  alias, 1 drivers
L_0x7fd449d03f80 .part v0x7fd449e967f0_0, 0, 7;
L_0x7fd449d04020 .cmp/eq 7, L_0x7fd449d03f80, L_0x101f69568;
L_0x7fd449d04140 .part v0x7fd449e967f0_0, 0, 7;
L_0x7fd449d041e0 .cmp/eq 7, L_0x7fd449d04140, L_0x101f695b0;
L_0x7fd449d043f0 .part v0x7fd449e967f0_0, 31, 1;
LS_0x7fd449d04490_0_0 .concat [ 1 1 1 1], L_0x7fd449d043f0, L_0x7fd449d043f0, L_0x7fd449d043f0, L_0x7fd449d043f0;
LS_0x7fd449d04490_0_4 .concat [ 1 1 1 1], L_0x7fd449d043f0, L_0x7fd449d043f0, L_0x7fd449d043f0, L_0x7fd449d043f0;
LS_0x7fd449d04490_0_8 .concat [ 1 1 1 1], L_0x7fd449d043f0, L_0x7fd449d043f0, L_0x7fd449d043f0, L_0x7fd449d043f0;
LS_0x7fd449d04490_0_12 .concat [ 1 1 1 1], L_0x7fd449d043f0, L_0x7fd449d043f0, L_0x7fd449d043f0, L_0x7fd449d043f0;
LS_0x7fd449d04490_0_16 .concat [ 1 1 1 1], L_0x7fd449d043f0, L_0x7fd449d043f0, L_0x7fd449d043f0, L_0x7fd449d043f0;
LS_0x7fd449d04490_1_0 .concat [ 4 4 4 4], LS_0x7fd449d04490_0_0, LS_0x7fd449d04490_0_4, LS_0x7fd449d04490_0_8, LS_0x7fd449d04490_0_12;
LS_0x7fd449d04490_1_4 .concat [ 4 0 0 0], LS_0x7fd449d04490_0_16;
L_0x7fd449d04490 .concat [ 16 4 0 0], LS_0x7fd449d04490_1_0, LS_0x7fd449d04490_1_4;
L_0x7fd449d046a0 .part v0x7fd449e967f0_0, 20, 12;
L_0x7fd449d045e0 .concat [ 12 20 0 0], L_0x7fd449d046a0, L_0x7fd449d04490;
L_0x7fd449d04aa0 .part v0x7fd449e967f0_0, 0, 7;
L_0x7fd449d04b90 .cmp/eq 7, L_0x7fd449d04aa0, L_0x101f695f8;
L_0x7fd449d04c70 .part v0x7fd449e967f0_0, 31, 1;
LS_0x7fd449d04d70_0_0 .concat [ 1 1 1 1], L_0x7fd449d04c70, L_0x7fd449d04c70, L_0x7fd449d04c70, L_0x7fd449d04c70;
LS_0x7fd449d04d70_0_4 .concat [ 1 1 1 1], L_0x7fd449d04c70, L_0x7fd449d04c70, L_0x7fd449d04c70, L_0x7fd449d04c70;
LS_0x7fd449d04d70_0_8 .concat [ 1 1 1 1], L_0x7fd449d04c70, L_0x7fd449d04c70, L_0x7fd449d04c70, L_0x7fd449d04c70;
LS_0x7fd449d04d70_0_12 .concat [ 1 1 1 1], L_0x7fd449d04c70, L_0x7fd449d04c70, L_0x7fd449d04c70, L_0x7fd449d04c70;
LS_0x7fd449d04d70_0_16 .concat [ 1 1 1 1], L_0x7fd449d04c70, L_0x7fd449d04c70, L_0x7fd449d04c70, L_0x7fd449d04c70;
LS_0x7fd449d04d70_1_0 .concat [ 4 4 4 4], LS_0x7fd449d04d70_0_0, LS_0x7fd449d04d70_0_4, LS_0x7fd449d04d70_0_8, LS_0x7fd449d04d70_0_12;
LS_0x7fd449d04d70_1_4 .concat [ 4 0 0 0], LS_0x7fd449d04d70_0_16;
L_0x7fd449d04d70 .concat [ 16 4 0 0], LS_0x7fd449d04d70_1_0, LS_0x7fd449d04d70_1_4;
L_0x7fd449d04f80 .part v0x7fd449e967f0_0, 25, 7;
L_0x7fd449d04ec0 .part v0x7fd449e967f0_0, 7, 5;
L_0x7fd449d052f0 .concat [ 5 7 20 0], L_0x7fd449d04ec0, L_0x7fd449d04f80, L_0x7fd449d04d70;
L_0x7fd449d05410 .part v0x7fd449e967f0_0, 31, 1;
LS_0x7fd449d054b0_0_0 .concat [ 1 1 1 1], L_0x7fd449d05410, L_0x7fd449d05410, L_0x7fd449d05410, L_0x7fd449d05410;
LS_0x7fd449d054b0_0_4 .concat [ 1 1 1 1], L_0x7fd449d05410, L_0x7fd449d05410, L_0x7fd449d05410, L_0x7fd449d05410;
LS_0x7fd449d054b0_0_8 .concat [ 1 1 1 1], L_0x7fd449d05410, L_0x7fd449d05410, L_0x7fd449d05410, L_0x7fd449d05410;
LS_0x7fd449d054b0_0_12 .concat [ 1 1 1 1], L_0x7fd449d05410, L_0x7fd449d05410, L_0x7fd449d05410, L_0x7fd449d05410;
LS_0x7fd449d054b0_0_16 .concat [ 1 1 1 1], L_0x7fd449d05410, L_0x7fd449d05410, L_0x7fd449d05410, L_0x7fd449d05410;
LS_0x7fd449d054b0_1_0 .concat [ 4 4 4 4], LS_0x7fd449d054b0_0_0, LS_0x7fd449d054b0_0_4, LS_0x7fd449d054b0_0_8, LS_0x7fd449d054b0_0_12;
LS_0x7fd449d054b0_1_4 .concat [ 4 0 0 0], LS_0x7fd449d054b0_0_16;
L_0x7fd449d054b0 .concat [ 16 4 0 0], LS_0x7fd449d054b0_1_0, LS_0x7fd449d054b0_1_4;
L_0x7fd449d05600 .part v0x7fd449e967f0_0, 31, 1;
L_0x7fd449d059c0 .part v0x7fd449e967f0_0, 7, 1;
L_0x7fd449d05a60 .part v0x7fd449e967f0_0, 25, 6;
L_0x7fd449d049a0 .part v0x7fd449e967f0_0, 8, 4;
LS_0x7fd449d05d00_0_0 .concat [ 4 6 1 1], L_0x7fd449d049a0, L_0x7fd449d05a60, L_0x7fd449d059c0, L_0x7fd449d05600;
LS_0x7fd449d05d00_0_4 .concat [ 20 0 0 0], L_0x7fd449d054b0;
L_0x7fd449d05d00 .concat [ 12 20 0 0], LS_0x7fd449d05d00_0_0, LS_0x7fd449d05d00_0_4;
L_0x7fd449d05da0 .functor MUXZ 32, L_0x7fd449d05d00, L_0x7fd449d052f0, L_0x7fd449d04b90, C4<>;
L_0x7fd449d05f40 .functor MUXZ 32, L_0x7fd449d05da0, L_0x7fd449d045e0, L_0x7fd449d04300, C4<>;
S_0x7fd449e90cb0 .scope module, "Instruction_Memory" "Instruction_Memory" 3 32, 12 1 0, S_0x7fd449c0bc50;
 .timescale 0 0;
    .port_info 0 /INPUT 32 "addr_i"
    .port_info 1 /OUTPUT 32 "instr_o"
L_0x7fd449e1bf30 .functor BUFZ 32, L_0x7fd449e99690, C4<00000000000000000000000000000000>, C4<00000000000000000000000000000000>, C4<00000000000000000000000000000000>;
v0x7fd449e90e10_0 .net *"_s0", 31 0, L_0x7fd449e99690;  1 drivers
v0x7fd449e90ea0_0 .net *"_s2", 31 0, L_0x7fd449e997d0;  1 drivers
v0x7fd449e90f30_0 .net *"_s4", 29 0, L_0x7fd449e99730;  1 drivers
L_0x101f68008 .functor BUFT 1, C4<00>, C4<0>, C4<0>, C4<0>;
v0x7fd449e90fc0_0 .net *"_s6", 1 0, L_0x101f68008;  1 drivers
v0x7fd449e91050_0 .net "addr_i", 31 0, v0x7fd449e93fa0_0;  alias, 1 drivers
v0x7fd449e910e0_0 .net "instr_o", 31 0, L_0x7fd449e1bf30;  1 drivers
v0x7fd449e91170 .array "memory", 255 0, 31 0;
L_0x7fd449e99690 .array/port v0x7fd449e91170, L_0x7fd449e997d0;
L_0x7fd449e99730 .part v0x7fd449e93fa0_0, 2, 30;
L_0x7fd449e997d0 .concat [ 30 2 0 0], L_0x7fd449e99730, L_0x101f68008;
L_0x7fd449d080e0 .part L_0x7fd449e1bf30, 15, 5;
L_0x7fd449d08180 .part L_0x7fd449e1bf30, 20, 5;
S_0x7fd449e91200 .scope module, "MUX_ALU1" "MUX32_3" 3 168, 13 1 0, S_0x7fd449c0bc50;
 .timescale 0 0;
    .port_info 0 /INPUT 32 "data0_i"
    .port_info 1 /INPUT 32 "data1_i"
    .port_info 2 /INPUT 32 "data2_i"
    .port_info 3 /INPUT 2 "select_i"
    .port_info 4 /OUTPUT 32 "data_o"
L_0x101f69a78 .functor BUFT 1, C4<00>, C4<0>, C4<0>, C4<0>;
v0x7fd449e91360_0 .net/2u *"_s0", 1 0, L_0x101f69a78;  1 drivers
v0x7fd449e913f0_0 .net *"_s2", 0 0, L_0x7fd449d084e0;  1 drivers
L_0x101f69ac0 .functor BUFT 1, C4<10>, C4<0>, C4<0>, C4<0>;
v0x7fd449e91480_0 .net/2u *"_s4", 1 0, L_0x101f69ac0;  1 drivers
v0x7fd449e91510_0 .net *"_s6", 0 0, L_0x7fd449d08600;  1 drivers
v0x7fd449e915a0_0 .net *"_s8", 31 0, L_0x7fd449d08700;  1 drivers
v0x7fd449e91630_0 .net "data0_i", 31 0, v0x7fd449e95bb0_0;  1 drivers
v0x7fd449e916c0_0 .net "data1_i", 31 0, v0x7fd449e94570_0;  alias, 1 drivers
v0x7fd449e91750_0 .net "data2_i", 31 0, L_0x7fd449d0e8a0;  1 drivers
v0x7fd449e917e0_0 .net "data_o", 31 0, L_0x7fd449d08800;  alias, 1 drivers
v0x7fd449e91870_0 .net "select_i", 1 0, L_0x7fd449d0a050;  alias, 1 drivers
L_0x7fd449d084e0 .cmp/eq 2, L_0x7fd449d0a050, L_0x101f69a78;
L_0x7fd449d08600 .cmp/eq 2, L_0x7fd449d0a050, L_0x101f69ac0;
L_0x7fd449d08700 .functor MUXZ 32, L_0x7fd449d0e8a0, v0x7fd449e94570_0, L_0x7fd449d08600, C4<>;
L_0x7fd449d08800 .functor MUXZ 32, L_0x7fd449d08700, v0x7fd449e95bb0_0, L_0x7fd449d084e0, C4<>;
S_0x7fd449e91900 .scope module, "MUX_ALU2" "MUX32_3" 3 176, 13 1 0, S_0x7fd449c0bc50;
 .timescale 0 0;
    .port_info 0 /INPUT 32 "data0_i"
    .port_info 1 /INPUT 32 "data1_i"
    .port_info 2 /INPUT 32 "data2_i"
    .port_info 3 /INPUT 2 "select_i"
    .port_info 4 /OUTPUT 32 "data_o"
L_0x101f69b08 .functor BUFT 1, C4<00>, C4<0>, C4<0>, C4<0>;
v0x7fd449e91a60_0 .net/2u *"_s0", 1 0, L_0x101f69b08;  1 drivers
v0x7fd449e91af0_0 .net *"_s2", 0 0, L_0x7fd449d089a0;  1 drivers
L_0x101f69b50 .functor BUFT 1, C4<10>, C4<0>, C4<0>, C4<0>;
v0x7fd449e91b80_0 .net/2u *"_s4", 1 0, L_0x101f69b50;  1 drivers
v0x7fd449e91c10_0 .net *"_s6", 0 0, L_0x7fd449d08ac0;  1 drivers
v0x7fd449e91ca0_0 .net *"_s8", 31 0, L_0x7fd449d08ba0;  1 drivers
v0x7fd449e91d30_0 .net "data0_i", 31 0, v0x7fd449e95ef0_0;  1 drivers
v0x7fd449e91dc0_0 .net "data1_i", 31 0, v0x7fd449e94570_0;  alias, 1 drivers
v0x7fd449e91e50_0 .net "data2_i", 31 0, L_0x7fd449d0e8a0;  alias, 1 drivers
v0x7fd449e91ee0_0 .net "data_o", 31 0, L_0x7fd449d08ca0;  1 drivers
v0x7fd449e91f70_0 .net "select_i", 1 0, L_0x7fd449d0b200;  alias, 1 drivers
L_0x7fd449d089a0 .cmp/eq 2, L_0x7fd449d0b200, L_0x101f69b08;
L_0x7fd449d08ac0 .cmp/eq 2, L_0x7fd449d0b200, L_0x101f69b50;
L_0x7fd449d08ba0 .functor MUXZ 32, L_0x7fd449d0e8a0, v0x7fd449e94570_0, L_0x7fd449d08ac0, C4<>;
L_0x7fd449d08ca0 .functor MUXZ 32, L_0x7fd449d08ba0, v0x7fd449e95ef0_0, L_0x7fd449d089a0, C4<>;
S_0x7fd449e92000 .scope module, "MUX_ALUSrc" "MUX32" 3 184, 14 1 0, S_0x7fd449c0bc50;
 .timescale 0 0;
    .port_info 0 /INPUT 32 "data1_i"
    .port_info 1 /INPUT 32 "data2_i"
    .port_info 2 /INPUT 1 "select_i"
    .port_info 3 /OUTPUT 32 "data_o"
v0x7fd449e92160_0 .net "data1_i", 31 0, L_0x7fd449d08ca0;  alias, 1 drivers
v0x7fd449e921f0_0 .net "data2_i", 31 0, v0x7fd449e961c0_0;  1 drivers
v0x7fd449e92280_0 .net "data_o", 31 0, L_0x7fd449d08e00;  alias, 1 drivers
v0x7fd449e92310_0 .net "select_i", 0 0, v0x7fd449e954f0_0;  1 drivers
L_0x7fd449d08e00 .functor MUXZ 32, L_0x7fd449d08ca0, v0x7fd449e961c0_0, v0x7fd449e954f0_0, C4<>;
S_0x7fd449e923a0 .scope module, "MUX_IDEX" "MuxControl" 3 87, 15 1 0, S_0x7fd449c0bc50;
 .timescale 0 0;
    .port_info 0 /INPUT 1 "stall_i"
    .port_info 1 /INPUT 1 "ALUSrc_i"
    .port_info 2 /INPUT 1 "MemToReg_i"
    .port_info 3 /INPUT 1 "RegWrite_i"
    .port_info 4 /INPUT 1 "MemWrite_i"
    .port_info 5 /INPUT 1 "MemRead_i"
    .port_info 6 /INPUT 1 "Branch_i"
    .port_info 7 /INPUT 2 "ALUOp_i"
    .port_info 8 /OUTPUT 1 "ALUSrc_o"
    .port_info 9 /OUTPUT 1 "MemToReg_o"
    .port_info 10 /OUTPUT 1 "RegWrite_o"
    .port_info 11 /OUTPUT 1 "MemWrite_o"
    .port_info 12 /OUTPUT 1 "MemRead_o"
    .port_info 13 /OUTPUT 1 "Branch_o"
    .port_info 14 /OUTPUT 2 "ALUOp_o"
v0x7fd449e92670_0 .net "ALUOp_i", 1 0, L_0x7fd449e9a7b0;  alias, 1 drivers
v0x7fd449e92700_0 .net "ALUOp_o", 1 0, L_0x7fd449d06820;  1 drivers
v0x7fd449e92790_0 .net "ALUSrc_i", 0 0, L_0x7fd449e9b260;  alias, 1 drivers
v0x7fd449e92820_0 .net "ALUSrc_o", 0 0, L_0x7fd449d06060;  1 drivers
v0x7fd449e928b0_0 .net "Branch_i", 0 0, L_0x7fd449d00ba0;  alias, 1 drivers
v0x7fd449e92940_0 .net "Branch_o", 0 0, L_0x7fd449d06740;  1 drivers
v0x7fd449e929d0_0 .net "MemRead_i", 0 0, L_0x7fd449d019c0;  alias, 1 drivers
v0x7fd449e92a60_0 .net "MemRead_o", 0 0, L_0x7fd449d065e0;  1 drivers
v0x7fd449e92af0_0 .net "MemToReg_i", 0 0, L_0x7fd449d03290;  alias, 1 drivers
v0x7fd449e92c00_0 .net "MemToReg_o", 0 0, L_0x7fd449d06180;  1 drivers
v0x7fd449e92c90_0 .net "MemWrite_i", 0 0, L_0x7fd449d023e0;  alias, 1 drivers
v0x7fd449e92d20_0 .net "MemWrite_o", 0 0, L_0x7fd449d063c0;  1 drivers
v0x7fd449e92db0_0 .net "RegWrite_i", 0 0, L_0x7fd449d02ad0;  alias, 1 drivers
v0x7fd449e92e40_0 .net "RegWrite_o", 0 0, L_0x7fd449d062a0;  1 drivers
L_0x101f69640 .functor BUFT 1, C4<0>, C4<0>, C4<0>, C4<0>;
v0x7fd449e92ed0_0 .net/2u *"_s0", 0 0, L_0x101f69640;  1 drivers
L_0x101f69718 .functor BUFT 1, C4<0>, C4<0>, C4<0>, C4<0>;
v0x7fd449e92f60_0 .net/2u *"_s12", 0 0, L_0x101f69718;  1 drivers
L_0x101f69760 .functor BUFT 1, C4<0>, C4<0>, C4<0>, C4<0>;
v0x7fd449e92ff0_0 .net/2u *"_s16", 0 0, L_0x101f69760;  1 drivers
L_0x101f697a8 .functor BUFT 1, C4<0>, C4<0>, C4<0>, C4<0>;
v0x7fd449e93180_0 .net/2u *"_s20", 0 0, L_0x101f697a8;  1 drivers
L_0x101f697f0 .functor BUFT 1, C4<00>, C4<0>, C4<0>, C4<0>;
v0x7fd449e93210_0 .net/2u *"_s24", 1 0, L_0x101f697f0;  1 drivers
L_0x101f69688 .functor BUFT 1, C4<0>, C4<0>, C4<0>, C4<0>;
v0x7fd449e932a0_0 .net/2u *"_s4", 0 0, L_0x101f69688;  1 drivers
L_0x101f696d0 .functor BUFT 1, C4<0>, C4<0>, C4<0>, C4<0>;
v0x7fd449e93330_0 .net/2u *"_s8", 0 0, L_0x101f696d0;  1 drivers
v0x7fd449e933c0_0 .net "stall_i", 0 0, L_0x7fd449e99a90;  alias, 1 drivers
L_0x7fd449d06060 .functor MUXZ 1, L_0x7fd449e9b260, L_0x101f69640, L_0x7fd449e99a90, C4<>;
L_0x7fd449d06180 .functor MUXZ 1, L_0x7fd449d03290, L_0x101f69688, L_0x7fd449e99a90, C4<>;
L_0x7fd449d062a0 .functor MUXZ 1, L_0x7fd449d02ad0, L_0x101f696d0, L_0x7fd449e99a90, C4<>;
L_0x7fd449d063c0 .functor MUXZ 1, L_0x7fd449d023e0, L_0x101f69718, L_0x7fd449e99a90, C4<>;
L_0x7fd449d065e0 .functor MUXZ 1, L_0x7fd449d019c0, L_0x101f69760, L_0x7fd449e99a90, C4<>;
L_0x7fd449d06740 .functor MUXZ 1, L_0x7fd449d00ba0, L_0x101f697a8, L_0x7fd449e99a90, C4<>;
L_0x7fd449d06820 .functor MUXZ 2, L_0x7fd449e9a7b0, L_0x101f697f0, L_0x7fd449e99a90, C4<>;
S_0x7fd449e93450 .scope module, "MUX_PC" "MUX32" 3 15, 14 1 0, S_0x7fd449c0bc50;
 .timescale 0 0;
    .port_info 0 /INPUT 32 "data1_i"
    .port_info 1 /INPUT 32 "data2_i"
    .port_info 2 /INPUT 1 "select_i"
    .port_info 3 /OUTPUT 32 "data_o"
v0x7fd449e935b0_0 .net "data1_i", 31 0, L_0x7fd449e99870;  alias, 1 drivers
v0x7fd449e93640_0 .net "data2_i", 31 0, L_0x7fd449d06ca0;  alias, 1 drivers
v0x7fd449e936d0_0 .net "data_o", 31 0, L_0x7fd449e995f0;  1 drivers
v0x7fd449e93760_0 .net "select_i", 0 0, L_0x7fd449d00ba0;  alias, 1 drivers
L_0x7fd449e995f0 .functor MUXZ 32, L_0x7fd449e99870, L_0x7fd449d06ca0, L_0x7fd449d00ba0, C4<>;
S_0x7fd449e937f0 .scope module, "MUX_WB" "MUX32" 3 270, 14 1 0, S_0x7fd449c0bc50;
 .timescale 0 0;
    .port_info 0 /INPUT 32 "data1_i"
    .port_info 1 /INPUT 32 "data2_i"
    .port_info 2 /INPUT 1 "select_i"
    .port_info 3 /OUTPUT 32 "data_o"
v0x7fd449e93950_0 .net "data1_i", 31 0, v0x7fd449e96e50_0;  1 drivers
v0x7fd449e939e0_0 .net "data2_i", 31 0, v0x7fd449e971b0_0;  1 drivers
v0x7fd449e93a70_0 .net "data_o", 31 0, L_0x7fd449d0e8a0;  alias, 1 drivers
v0x7fd449e93b00_0 .net "select_i", 0 0, v0x7fd449e96f70_0;  1 drivers
L_0x7fd449d0e8a0 .functor MUXZ 32, v0x7fd449e96e50_0, v0x7fd449e971b0_0, v0x7fd449e96f70_0, C4<>;
S_0x7fd449e93b90 .scope module, "PC" "PC" 3 22, 16 1 0, S_0x7fd449c0bc50;
 .timescale 0 0;
    .port_info 0 /INPUT 1 "clk_i"
    .port_info 1 /INPUT 1 "rst_i"
    .port_info 2 /INPUT 1 "start_i"
    .port_info 3 /INPUT 1 "stall_i"
    .port_info 4 /INPUT 32 "pc_i"
    .port_info 5 /OUTPUT 32 "pc_o"
v0x7fd449e93e80_0 .net "clk_i", 0 0, v0x7fd449e99070_0;  alias, 1 drivers
v0x7fd449e93f10_0 .net "pc_i", 31 0, L_0x7fd449e995f0;  alias, 1 drivers
v0x7fd449e93fa0_0 .var "pc_o", 31 0;
v0x7fd449e94030_0 .net "rst_i", 0 0, v0x7fd449e99200_0;  alias, 1 drivers
v0x7fd449e940c0_0 .net "stall_i", 0 0, L_0x7fd449e99a90;  alias, 1 drivers
v0x7fd449e94150_0 .net "start_i", 0 0, v0x7fd449e99290_0;  alias, 1 drivers
E_0x7fd449e2bea0/0 .event negedge, v0x7fd449e94030_0;
E_0x7fd449e2bea0/1 .event posedge, v0x7fd449e32280_0;
E_0x7fd449e2bea0 .event/or E_0x7fd449e2bea0/0, E_0x7fd449e2bea0/1;
S_0x7fd449e941e0 .scope module, "Pipe_EX_MEM" "Pipe_EX_MEM" 3 218, 17 1 0, S_0x7fd449c0bc50;
 .timescale 0 0;
    .port_info 0 /INPUT 1 "clk_i"
    .port_info 1 /INPUT 1 "rst_i"
    .port_info 2 /INPUT 32 "ALU_Res_i"
    .port_info 3 /OUTPUT 32 "ALU_Res_o"
    .port_info 4 /INPUT 32 "Write_Data_i"
    .port_info 5 /OUTPUT 32 "Write_Data_o"
    .port_info 6 /INPUT 5 "RdAddr_i"
    .port_info 7 /OUTPUT 5 "RdAddr_o"
    .port_info 8 /INPUT 1 "MemToReg_i"
    .port_info 9 /INPUT 1 "RegWrite_i"
    .port_info 10 /INPUT 1 "MemWrite_i"
    .port_info 11 /INPUT 1 "MemRead_i"
    .port_info 12 /OUTPUT 1 "MemToReg_o"
    .port_info 13 /OUTPUT 1 "RegWrite_o"
    .port_info 14 /OUTPUT 1 "MemWrite_o"
    .port_info 15 /OUTPUT 1 "MemRead_o"
    .port_info 16 /NODIR 0 ""
v0x7fd449e944e0_0 .net "ALU_Res_i", 31 0, L_0x7fd449d0c6b0;  alias, 1 drivers
v0x7fd449e94570_0 .var "ALU_Res_o", 31 0;
v0x7fd449e94600_0 .net "MemRead_i", 0 0, v0x7fd449e95610_0;  alias, 1 drivers
v0x7fd449e94690_0 .var "MemRead_o", 0 0;
v0x7fd449e94720_0 .net "MemToReg_i", 0 0, v0x7fd449e95730_0;  1 drivers
v0x7fd449e947b0_0 .var "MemToReg_o", 0 0;
v0x7fd449e94840_0 .net "MemWrite_i", 0 0, v0x7fd449e95850_0;  1 drivers
v0x7fd449e948d0_0 .var "MemWrite_o", 0 0;
v0x7fd449e94960_0 .net "RdAddr_i", 4 0, v0x7fd449e95970_0;  1 drivers
v0x7fd449e949f0_0 .var "RdAddr_o", 4 0;
v0x7fd449e94a80_0 .net "RegWrite_i", 0 0, v0x7fd449e96010_0;  1 drivers
v0x7fd449e94b10_0 .var "RegWrite_o", 0 0;
v0x7fd449e94ba0_0 .net "Write_Data_i", 31 0, L_0x7fd449d08ca0;  alias, 1 drivers
v0x7fd449e94c30_0 .var "Write_Data_o", 31 0;
v0x7fd449e94cc0_0 .net "clk_i", 0 0, v0x7fd449e99070_0;  alias, 1 drivers
v0x7fd449e94d50_0 .net "rst_i", 0 0, v0x7fd449e99200_0;  alias, 1 drivers
S_0x7fd449e94e60 .scope module, "Pipe_ID_EX" "Pipe_ID_EX" 3 131, 18 1 0, S_0x7fd449c0bc50;
 .timescale 0 0;
    .port_info 0 /INPUT 1 "clk_i"
    .port_info 1 /INPUT 1 "rst_i"
    .port_info 2 /INPUT 32 "RSdata_i"
    .port_info 3 /INPUT 32 "RTdata_i"
    .port_info 4 /OUTPUT 32 "RSdata_o"
    .port_info 5 /OUTPUT 32 "RTdata_o"
    .port_info 6 /INPUT 5 "RSaddr_i"
    .port_info 7 /INPUT 5 "RTaddr_i"
    .port_info 8 /INPUT 5 "RDaddr_i"
    .port_info 9 /OUTPUT 5 "RSaddr_o"
    .port_info 10 /OUTPUT 5 "RTaddr_o"
    .port_info 11 /OUTPUT 5 "RDaddr_o"
    .port_info 12 /INPUT 32 "immed_i"
    .port_info 13 /OUTPUT 32 "immed_o"
    .port_info 14 /INPUT 32 "instruction_i"
    .port_info 15 /OUTPUT 32 "instruction_o"
    .port_info 16 /INPUT 1 "ALUSrc_i"
    .port_info 17 /INPUT 1 "MemToReg_i"
    .port_info 18 /INPUT 1 "RegWrite_i"
    .port_info 19 /INPUT 1 "MemWrite_i"
    .port_info 20 /INPUT 1 "MemRead_i"
    .port_info 21 /INPUT 2 "ALUOp_i"
    .port_info 22 /OUTPUT 1 "ALUSrc_o"
    .port_info 23 /OUTPUT 1 "MemToReg_o"
    .port_info 24 /OUTPUT 1 "RegWrite_o"
    .port_info 25 /OUTPUT 1 "MemWrite_o"
    .port_info 26 /OUTPUT 1 "MemRead_o"
    .port_info 27 /OUTPUT 2 "ALUOp_o"
v0x7fd449e95340_0 .net "ALUOp_i", 1 0, L_0x7fd449d06820;  alias, 1 drivers
v0x7fd449e953d0_0 .var "ALUOp_o", 1 0;
v0x7fd449e95460_0 .net "ALUSrc_i", 0 0, L_0x7fd449d06060;  alias, 1 drivers
v0x7fd449e954f0_0 .var "ALUSrc_o", 0 0;
v0x7fd449e95580_0 .net "MemRead_i", 0 0, L_0x7fd449d019c0;  alias, 1 drivers
v0x7fd449e95610_0 .var "MemRead_o", 0 0;
v0x7fd449e956a0_0 .net "MemToReg_i", 0 0, L_0x7fd449d06180;  alias, 1 drivers
v0x7fd449e95730_0 .var "MemToReg_o", 0 0;
v0x7fd449e957c0_0 .net "MemWrite_i", 0 0, L_0x7fd449d063c0;  alias, 1 drivers
v0x7fd449e95850_0 .var "MemWrite_o", 0 0;
v0x7fd449e958e0_0 .net "RDaddr_i", 4 0, L_0x7fd449d08440;  1 drivers
v0x7fd449e95970_0 .var "RDaddr_o", 4 0;
v0x7fd449e95a00_0 .net "RSaddr_i", 4 0, L_0x7fd449d082d0;  1 drivers
v0x7fd449e95a90_0 .var "RSaddr_o", 4 0;
v0x7fd449e95b20_0 .net "RSdata_i", 31 0, L_0x7fd449d07570;  1 drivers
v0x7fd449e95bb0_0 .var "RSdata_o", 31 0;
v0x7fd449e95c40_0 .net "RTaddr_i", 4 0, L_0x7fd449d08370;  1 drivers
v0x7fd449e95dd0_0 .var "RTaddr_o", 4 0;
v0x7fd449e95e60_0 .net "RTdata_i", 31 0, L_0x7fd449d07f80;  1 drivers
v0x7fd449e95ef0_0 .var "RTdata_o", 31 0;
v0x7fd449e95f80_0 .net "RegWrite_i", 0 0, L_0x7fd449d062a0;  alias, 1 drivers
v0x7fd449e96010_0 .var "RegWrite_o", 0 0;
v0x7fd449e960a0_0 .net "clk_i", 0 0, v0x7fd449e99070_0;  alias, 1 drivers
v0x7fd449e96130_0 .net "immed_i", 31 0, L_0x7fd449d05f40;  alias, 1 drivers
v0x7fd449e961c0_0 .var "immed_o", 31 0;
v0x7fd449e96250_0 .net "instruction_i", 31 0, v0x7fd449e962e0_0;  alias, 1 drivers
v0x7fd449e962e0_0 .var "instruction_o", 31 0;
v0x7fd449e96370_0 .net "rst_i", 0 0, v0x7fd449e99200_0;  alias, 1 drivers
L_0x7fd449e99e30 .part v0x7fd449e962e0_0, 7, 5;
L_0x7fd449d0b3a0 .part v0x7fd449e962e0_0, 15, 5;
L_0x7fd449d0b540 .part v0x7fd449e962e0_0, 20, 5;
S_0x7fd449e964e0 .scope module, "Pipe_IF_ID" "Pipe_IF_ID" 3 45, 19 1 0, S_0x7fd449c0bc50;
 .timescale 0 0;
    .port_info 0 /INPUT 1 "clk_i"
    .port_info 1 /INPUT 1 "rst_i"
    .port_info 2 /INPUT 1 "flush_i"
    .port_info 3 /INPUT 1 "stall_i"
    .port_info 4 /INPUT 32 "pc_i"
    .port_info 5 /INPUT 32 "instruction_i"
    .port_info 6 /OUTPUT 32 "pc_o"
    .port_info 7 /OUTPUT 32 "instruction_o"
    .port_info 8 /NODIR 0 ""
v0x7fd449e96640_0 .net "clk_i", 0 0, v0x7fd449e99070_0;  alias, 1 drivers
v0x7fd449e966d0_0 .net "flush_i", 0 0, L_0x7fd449d03cc0;  alias, 1 drivers
v0x7fd449e96760_0 .net "instruction_i", 31 0, L_0x7fd449e1bf30;  alias, 1 drivers
v0x7fd449e967f0_0 .var "instruction_o", 31 0;
v0x7fd449e96880_0 .net "pc_i", 31 0, v0x7fd449e93fa0_0;  alias, 1 drivers
v0x7fd449e96910_0 .var "pc_o", 31 0;
v0x7fd449e969a0_0 .net "rst_i", 0 0, v0x7fd449e99200_0;  alias, 1 drivers
v0x7fd449e96a30_0 .net "stall_i", 0 0, L_0x7fd449e99a90;  alias, 1 drivers
L_0x7fd449e99c30 .part v0x7fd449e967f0_0, 15, 5;
L_0x7fd449e99d50 .part v0x7fd449e967f0_0, 20, 5;
L_0x7fd449d03e60 .part v0x7fd449e967f0_0, 0, 7;
L_0x7fd449d082d0 .part v0x7fd449e967f0_0, 15, 5;
L_0x7fd449d08370 .part v0x7fd449e967f0_0, 20, 5;
L_0x7fd449d08440 .part v0x7fd449e967f0_0, 7, 5;
S_0x7fd449e96ac0 .scope module, "Pipe_MEM_WB" "Pipe_MEM_WB" 3 252, 20 1 0, S_0x7fd449c0bc50;
 .timescale 0 0;
    .port_info 0 /INPUT 1 "clk_i"
    .port_info 1 /INPUT 1 "rst_i"
    .port_info 2 /INPUT 32 "ALU_Res_i"
    .port_info 3 /OUTPUT 32 "ALU_Res_o"
    .port_info 4 /INPUT 32 "Read_Data_i"
    .port_info 5 /OUTPUT 32 "Read_Data_o"
    .port_info 6 /INPUT 5 "RdAddr_i"
    .port_info 7 /OUTPUT 5 "RdAddr_o"
    .port_info 8 /INPUT 1 "MemToReg_i"
    .port_info 9 /INPUT 1 "RegWrite_i"
    .port_info 10 /OUTPUT 1 "MemToReg_o"
    .port_info 11 /OUTPUT 1 "RegWrite_o"
v0x7fd449e96d40_0 .net "ALU_Res_i", 31 0, v0x7fd449e94570_0;  alias, 1 drivers
v0x7fd449e96e50_0 .var "ALU_Res_o", 31 0;
v0x7fd449e96ee0_0 .net "MemToReg_i", 0 0, v0x7fd449e947b0_0;  1 drivers
v0x7fd449e96f70_0 .var "MemToReg_o", 0 0;
v0x7fd449e97000_0 .net "RdAddr_i", 4 0, v0x7fd449e949f0_0;  alias, 1 drivers
v0x7fd449e97090_0 .var "RdAddr_o", 4 0;
v0x7fd449e97120_0 .net "Read_Data_i", 31 0, L_0x7fd449d0e700;  alias, 1 drivers
v0x7fd449e971b0_0 .var "Read_Data_o", 31 0;
v0x7fd449e97240_0 .net "RegWrite_i", 0 0, v0x7fd449e94b10_0;  alias, 1 drivers
v0x7fd449e97350_0 .var "RegWrite_o", 0 0;
v0x7fd449e973e0_0 .net "clk_i", 0 0, v0x7fd449e99070_0;  alias, 1 drivers
v0x7fd449e97470_0 .net "rst_i", 0 0, v0x7fd449e99200_0;  alias, 1 drivers
S_0x7fd449e97580 .scope module, "Register_Equal" "Register_Equal" 3 105, 21 1 0, S_0x7fd449c0bc50;
 .timescale 0 0;
    .port_info 0 /INPUT 32 "RSData_i"
    .port_info 1 /INPUT 32 "RTData_i"
    .port_info 2 /OUTPUT 1 "Equal_o"
v0x7fd449e976e0_0 .net "Equal_o", 0 0, L_0x7fd449d06b80;  alias, 1 drivers
v0x7fd449e97770_0 .net "RSData_i", 31 0, L_0x7fd449d07570;  alias, 1 drivers
v0x7fd449e97800_0 .net "RTData_i", 31 0, L_0x7fd449d07f80;  alias, 1 drivers
v0x7fd449e97890_0 .net *"_s0", 0 0, L_0x7fd449d06980;  1 drivers
L_0x101f69838 .functor BUFT 1, C4<01>, C4<0>, C4<0>, C4<0>;
v0x7fd449e97920_0 .net/2s *"_s2", 1 0, L_0x101f69838;  1 drivers
L_0x101f69880 .functor BUFT 1, C4<00>, C4<0>, C4<0>, C4<0>;
v0x7fd449e979b0_0 .net/2s *"_s4", 1 0, L_0x101f69880;  1 drivers
v0x7fd449e97a40_0 .net *"_s6", 1 0, L_0x7fd449d06a20;  1 drivers
L_0x7fd449d06980 .cmp/eq 32, L_0x7fd449d07570, L_0x7fd449d07f80;
L_0x7fd449d06a20 .functor MUXZ 2, L_0x101f69880, L_0x101f69838, L_0x7fd449d06980, C4<>;
L_0x7fd449d06b80 .part L_0x7fd449d06a20, 0, 1;
S_0x7fd449e97ad0 .scope module, "Registers" "Registers" 3 118, 22 1 0, S_0x7fd449c0bc50;
 .timescale 0 0;
    .port_info 0 /INPUT 1 "clk_i"
    .port_info 1 /INPUT 5 "RS1addr_i"
    .port_info 2 /INPUT 5 "RS2addr_i"
    .port_info 3 /INPUT 5 "RDaddr_i"
    .port_info 4 /INPUT 32 "RDdata_i"
    .port_info 5 /INPUT 1 "RegWrite_i"
    .port_info 6 /OUTPUT 32 "RS1data_o"
    .port_info 7 /OUTPUT 32 "RS2data_o"
L_0x7fd449d06f00 .functor AND 1, L_0x7fd449d06e60, v0x7fd449e97350_0, C4<1>, C4<1>;
L_0x7fd449d07230 .functor AND 1, L_0x7fd449d06f00, L_0x7fd449d07110, C4<1>, C4<1>;
L_0x7fd449d07870 .functor AND 1, L_0x7fd449d07790, v0x7fd449e97350_0, C4<1>, C4<1>;
L_0x7fd449d07c50 .functor AND 1, L_0x7fd449d07870, L_0x7fd449d07ac0, C4<1>, C4<1>;
v0x7fd449e97cf0_0 .net "RDaddr_i", 4 0, v0x7fd449e97090_0;  alias, 1 drivers
v0x7fd449e97d80_0 .net "RDdata_i", 31 0, L_0x7fd449d0e8a0;  alias, 1 drivers
v0x7fd449e97e10_0 .net "RS1addr_i", 4 0, L_0x7fd449d080e0;  1 drivers
v0x7fd449e97ea0_0 .net "RS1data_o", 31 0, L_0x7fd449d07570;  alias, 1 drivers
v0x7fd449e97f30_0 .net "RS2addr_i", 4 0, L_0x7fd449d08180;  1 drivers
v0x7fd449e97fc0_0 .net "RS2data_o", 31 0, L_0x7fd449d07f80;  alias, 1 drivers
v0x7fd449e98050_0 .net "RegWrite_i", 0 0, v0x7fd449e97350_0;  alias, 1 drivers
v0x7fd449e980e0_0 .net *"_s0", 0 0, L_0x7fd449d06e60;  1 drivers
v0x7fd449e98170_0 .net *"_s10", 0 0, L_0x7fd449d07110;  1 drivers
v0x7fd449e98280_0 .net *"_s12", 0 0, L_0x7fd449d07230;  1 drivers
v0x7fd449e98310_0 .net *"_s14", 31 0, L_0x7fd449d07320;  1 drivers
v0x7fd449e983a0_0 .net *"_s16", 6 0, L_0x7fd449d073c0;  1 drivers
L_0x101f69958 .functor BUFT 1, C4<00>, C4<0>, C4<0>, C4<0>;
v0x7fd449e98430_0 .net *"_s19", 1 0, L_0x101f69958;  1 drivers
v0x7fd449e984c0_0 .net *"_s2", 0 0, L_0x7fd449d06f00;  1 drivers
v0x7fd449e98550_0 .net *"_s22", 0 0, L_0x7fd449d07790;  1 drivers
v0x7fd449e985e0_0 .net *"_s24", 0 0, L_0x7fd449d07870;  1 drivers
v0x7fd449e98670_0 .net *"_s26", 31 0, L_0x7fd449d079a0;  1 drivers
L_0x101f699a0 .functor BUFT 1, C4<000000000000000000000000000>, C4<0>, C4<0>, C4<0>;
v0x7fd449e98800_0 .net *"_s29", 26 0, L_0x101f699a0;  1 drivers
L_0x101f699e8 .functor BUFT 1, C4<00000000000000000000000000000000>, C4<0>, C4<0>, C4<0>;
v0x7fd449e98890_0 .net/2u *"_s30", 31 0, L_0x101f699e8;  1 drivers
v0x7fd449e98920_0 .net *"_s32", 0 0, L_0x7fd449d07ac0;  1 drivers
v0x7fd449e989b0_0 .net *"_s34", 0 0, L_0x7fd449d07c50;  1 drivers
v0x7fd449e98a40_0 .net *"_s36", 31 0, L_0x7fd449d07d00;  1 drivers
v0x7fd449e98ad0_0 .net *"_s38", 6 0, L_0x7fd449d07da0;  1 drivers
v0x7fd449e98b60_0 .net *"_s4", 31 0, L_0x7fd449d06fb0;  1 drivers
L_0x101f69a30 .functor BUFT 1, C4<00>, C4<0>, C4<0>, C4<0>;
v0x7fd449e98bf0_0 .net *"_s41", 1 0, L_0x101f69a30;  1 drivers
L_0x101f698c8 .functor BUFT 1, C4<000000000000000000000000000>, C4<0>, C4<0>, C4<0>;
v0x7fd449e98c80_0 .net *"_s7", 26 0, L_0x101f698c8;  1 drivers
L_0x101f69910 .functor BUFT 1, C4<00000000000000000000000000000000>, C4<0>, C4<0>, C4<0>;
v0x7fd449e98d10_0 .net/2u *"_s8", 31 0, L_0x101f69910;  1 drivers
v0x7fd449e98da0_0 .net "clk_i", 0 0, v0x7fd449e99070_0;  alias, 1 drivers
v0x7fd449e98e30 .array "register", 31 0, 31 0;
L_0x7fd449d06e60 .cmp/eq 5, L_0x7fd449d080e0, v0x7fd449e97090_0;
L_0x7fd449d06fb0 .concat [ 5 27 0 0], v0x7fd449e97090_0, L_0x101f698c8;
L_0x7fd449d07110 .cmp/ne 32, L_0x7fd449d06fb0, L_0x101f69910;
L_0x7fd449d07320 .array/port v0x7fd449e98e30, L_0x7fd449d073c0;
L_0x7fd449d073c0 .concat [ 5 2 0 0], L_0x7fd449d080e0, L_0x101f69958;
L_0x7fd449d07570 .functor MUXZ 32, L_0x7fd449d07320, L_0x7fd449d0e8a0, L_0x7fd449d07230, C4<>;
L_0x7fd449d07790 .cmp/eq 5, L_0x7fd449d08180, v0x7fd449e97090_0;
L_0x7fd449d079a0 .concat [ 5 27 0 0], v0x7fd449e97090_0, L_0x101f699a0;
L_0x7fd449d07ac0 .cmp/ne 32, L_0x7fd449d079a0, L_0x101f699e8;
L_0x7fd449d07d00 .array/port v0x7fd449e98e30, L_0x7fd449d07da0;
L_0x7fd449d07da0 .concat [ 5 2 0 0], L_0x7fd449d08180, L_0x101f69a30;
L_0x7fd449d07f80 .functor MUXZ 32, L_0x7fd449d07d00, L_0x7fd449d0e8a0, L_0x7fd449d07c50, C4<>;
    .scope S_0x7fd449e93b90;
T_0 ;
    %wait E_0x7fd449e2bea0;
    %load/vec4 v0x7fd449e94030_0;
    %inv;
    %flag_set/vec4 8;
    %jmp/0xz  T_0.0, 8;
    %pushi/vec4 0, 0, 32;
    %assign/vec4 v0x7fd449e93fa0_0, 0;
    %jmp T_0.1;
T_0.0 ;
    %load/vec4 v0x7fd449e940c0_0;
    %nor/r;
    %flag_set/vec4 8;
    %jmp/0xz  T_0.2, 8;
    %load/vec4 v0x7fd449e94150_0;
    %flag_set/vec4 8;
    %jmp/0xz  T_0.4, 8;
    %load/vec4 v0x7fd449e93f10_0;
    %assign/vec4 v0x7fd449e93fa0_0, 0;
    %jmp T_0.5;
T_0.4 ;
    %load/vec4 v0x7fd449e93fa0_0;
    %assign/vec4 v0x7fd449e93fa0_0, 0;
T_0.5 ;
T_0.2 ;
T_0.1 ;
    %jmp T_0;
    .thread T_0;
    .scope S_0x7fd449e964e0;
T_1 ;
    %wait E_0x7fd449e2bea0;
    %load/vec4 v0x7fd449e969a0_0;
    %nor/r;
    %flag_set/vec4 8;
    %jmp/0xz  T_1.0, 8;
    %pushi/vec4 0, 0, 32;
    %assign/vec4 v0x7fd449e967f0_0, 0;
    %pushi/vec4 0, 0, 32;
    %assign/vec4 v0x7fd449e96910_0, 0;
    %jmp T_1.1;
T_1.0 ;
    %load/vec4 v0x7fd449e96a30_0;
    %nor/r;
    %flag_set/vec4 8;
    %jmp/0xz  T_1.2, 8;
    %load/vec4 v0x7fd449e966d0_0;
    %flag_set/vec4 8;
    %jmp/0xz  T_1.4, 8;
    %pushi/vec4 0, 0, 32;
    %assign/vec4 v0x7fd449e967f0_0, 0;
    %pushi/vec4 0, 0, 32;
    %assign/vec4 v0x7fd449e96910_0, 0;
    %jmp T_1.5;
T_1.4 ;
    %load/vec4 v0x7fd449e96760_0;
    %assign/vec4 v0x7fd449e967f0_0, 0;
    %load/vec4 v0x7fd449e96880_0;
    %assign/vec4 v0x7fd449e96910_0, 0;
T_1.5 ;
T_1.2 ;
T_1.1 ;
    %jmp T_1;
    .thread T_1;
    .scope S_0x7fd449e97ad0;
T_2 ;
    %wait E_0x7fd449e8b8a0;
    %load/vec4 v0x7fd449e98050_0;
    %load/vec4 v0x7fd449e97cf0_0;
    %pad/u 32;
    %pushi/vec4 0, 0, 32;
    %cmp/e;
    %flag_get/vec4 4;
    %inv;
    %and;
    %flag_set/vec4 8;
    %jmp/0xz  T_2.0, 8;
    %load/vec4 v0x7fd449e97d80_0;
    %load/vec4 v0x7fd449e97cf0_0;
    %pad/u 7;
    %ix/vec4 3;
    %ix/load 4, 0, 0; Constant delay
    %assign/vec4/a/d v0x7fd449e98e30, 0, 4;
T_2.0 ;
    %jmp T_2;
    .thread T_2;
    .scope S_0x7fd449e94e60;
T_3 ;
    %wait E_0x7fd449e2bea0;
    %load/vec4 v0x7fd449e96370_0;
    %nor/r;
    %flag_set/vec4 8;
    %jmp/0xz  T_3.0, 8;
    %pushi/vec4 0, 0, 32;
    %assign/vec4 v0x7fd449e95bb0_0, 0;
    %pushi/vec4 0, 0, 32;
    %assign/vec4 v0x7fd449e95ef0_0, 0;
    %pushi/vec4 0, 0, 5;
    %assign/vec4 v0x7fd449e95a90_0, 0;
    %pushi/vec4 0, 0, 5;
    %assign/vec4 v0x7fd449e95dd0_0, 0;
    %pushi/vec4 0, 0, 5;
    %assign/vec4 v0x7fd449e95970_0, 0;
    %pushi/vec4 0, 0, 1;
    %assign/vec4 v0x7fd449e954f0_0, 0;
    %pushi/vec4 0, 0, 1;
    %assign/vec4 v0x7fd449e95730_0, 0;
    %pushi/vec4 0, 0, 1;
    %assign/vec4 v0x7fd449e96010_0, 0;
    %pushi/vec4 0, 0, 1;
    %assign/vec4 v0x7fd449e95850_0, 0;
    %pushi/vec4 0, 0, 1;
    %assign/vec4 v0x7fd449e95610_0, 0;
    %pushi/vec4 0, 0, 2;
    %assign/vec4 v0x7fd449e953d0_0, 0;
    %pushi/vec4 0, 0, 32;
    %assign/vec4 v0x7fd449e962e0_0, 0;
    %jmp T_3.1;
T_3.0 ;
    %load/vec4 v0x7fd449e95b20_0;
    %assign/vec4 v0x7fd449e95bb0_0, 0;
    %load/vec4 v0x7fd449e95e60_0;
    %assign/vec4 v0x7fd449e95ef0_0, 0;
    %load/vec4 v0x7fd449e95a00_0;
    %assign/vec4 v0x7fd449e95a90_0, 0;
    %load/vec4 v0x7fd449e95c40_0;
    %assign/vec4 v0x7fd449e95dd0_0, 0;
    %load/vec4 v0x7fd449e958e0_0;
    %assign/vec4 v0x7fd449e95970_0, 0;
    %load/vec4 v0x7fd449e954f0_0;
    %assign/vec4 v0x7fd449e954f0_0, 0;
    %load/vec4 v0x7fd449e956a0_0;
    %assign/vec4 v0x7fd449e95730_0, 0;
    %load/vec4 v0x7fd449e95f80_0;
    %assign/vec4 v0x7fd449e96010_0, 0;
    %load/vec4 v0x7fd449e957c0_0;
    %assign/vec4 v0x7fd449e95850_0, 0;
    %load/vec4 v0x7fd449e95580_0;
    %assign/vec4 v0x7fd449e95610_0, 0;
    %load/vec4 v0x7fd449e95340_0;
    %assign/vec4 v0x7fd449e953d0_0, 0;
    %load/vec4 v0x7fd449e96250_0;
    %assign/vec4 v0x7fd449e962e0_0, 0;
T_3.1 ;
    %jmp T_3;
    .thread T_3;
    .scope S_0x7fd449e941e0;
T_4 ;
    %wait E_0x7fd449e2bea0;
    %load/vec4 v0x7fd449e94d50_0;
    %nor/r;
    %flag_set/vec4 8;
    %jmp/0xz  T_4.0, 8;
    %pushi/vec4 0, 0, 32;
    %assign/vec4 v0x7fd449e94570_0, 0;
    %pushi/vec4 0, 0, 32;
    %assign/vec4 v0x7fd449e94c30_0, 0;
    %pushi/vec4 0, 0, 5;
    %assign/vec4 v0x7fd449e949f0_0, 0;
    %pushi/vec4 0, 0, 1;
    %assign/vec4 v0x7fd449e947b0_0, 0;
    %pushi/vec4 0, 0, 1;
    %assign/vec4 v0x7fd449e94b10_0, 0;
    %pushi/vec4 0, 0, 1;
    %assign/vec4 v0x7fd449e948d0_0, 0;
    %pushi/vec4 0, 0, 1;
    %assign/vec4 v0x7fd449e94690_0, 0;
    %jmp T_4.1;
T_4.0 ;
    %load/vec4 v0x7fd449e944e0_0;
    %assign/vec4 v0x7fd449e94570_0, 0;
    %load/vec4 v0x7fd449e94ba0_0;
    %assign/vec4 v0x7fd449e94c30_0, 0;
    %load/vec4 v0x7fd449e94960_0;
    %assign/vec4 v0x7fd449e949f0_0, 0;
    %load/vec4 v0x7fd449e94720_0;
    %assign/vec4 v0x7fd449e947b0_0, 0;
    %load/vec4 v0x7fd449e94a80_0;
    %assign/vec4 v0x7fd449e94b10_0, 0;
    %load/vec4 v0x7fd449e94840_0;
    %assign/vec4 v0x7fd449e948d0_0, 0;
    %load/vec4 v0x7fd449e94600_0;
    %assign/vec4 v0x7fd449e94690_0, 0;
T_4.1 ;
    %jmp T_4;
    .thread T_4;
    .scope S_0x7fd449e5bc10;
T_5 ;
    %wait E_0x7fd449e8b8a0;
    %load/vec4 v0x7fd449e83fa0_0;
    %flag_set/vec4 8;
    %jmp/0xz  T_5.0, 8;
    %load/vec4 v0x7fd449e32310_0;
    %ix/getv 3, v0x7fd449e321f0_0;
    %ix/load 4, 0, 0; Constant delay
    %assign/vec4/a/d v0x7fd449e19140, 0, 4;
T_5.0 ;
    %jmp T_5;
    .thread T_5;
    .scope S_0x7fd449e96ac0;
T_6 ;
    %wait E_0x7fd449e2bea0;
    %load/vec4 v0x7fd449e96d40_0;
    %assign/vec4 v0x7fd449e96e50_0, 0;
    %load/vec4 v0x7fd449e97120_0;
    %assign/vec4 v0x7fd449e971b0_0, 0;
    %load/vec4 v0x7fd449e97000_0;
    %assign/vec4 v0x7fd449e97090_0, 0;
    %load/vec4 v0x7fd449e96ee0_0;
    %assign/vec4 v0x7fd449e96f70_0, 0;
    %load/vec4 v0x7fd449e97240_0;
    %assign/vec4 v0x7fd449e97350_0, 0;
    %jmp T_6;
    .thread T_6;
    .scope S_0x7fd449c10b10;
T_7 ;
    %delay 25, 0;
    %load/vec4 v0x7fd449e99070_0;
    %inv;
    %store/vec4 v0x7fd449e99070_0, 0, 1;
    %jmp T_7;
    .thread T_7;
    .scope S_0x7fd449c10b10;
T_8 ;
    %pushi/vec4 0, 0, 32;
    %store/vec4 v0x7fd449e99320_0, 0, 32;
    %pushi/vec4 0, 0, 32;
    %store/vec4 v0x7fd449e99560_0, 0, 32;
    %pushi/vec4 0, 0, 32;
    %store/vec4 v0x7fd449e993b0_0, 0, 32;
    %pushi/vec4 0, 0, 32;
    %store/vec4 v0x7fd449e99440_0, 0, 32;
T_8.0 ;
    %load/vec4 v0x7fd449e99440_0;
    %cmpi/s 256, 0, 32;
    %jmp/0xz T_8.1, 5;
    %pushi/vec4 0, 0, 32;
    %ix/getv/s 4, v0x7fd449e99440_0;
    %store/vec4a v0x7fd449e91170, 4, 0;
    %load/vec4 v0x7fd449e99440_0;
    %addi 1, 0, 32;
    %store/vec4 v0x7fd449e99440_0, 0, 32;
    %jmp T_8.0;
T_8.1 ;
    %pushi/vec4 0, 0, 32;
    %store/vec4 v0x7fd449e99440_0, 0, 32;
T_8.2 ;
    %load/vec4 v0x7fd449e99440_0;
    %cmpi/s 32, 0, 32;
    %jmp/0xz T_8.3, 5;
    %pushi/vec4 0, 0, 32;
    %ix/getv/s 4, v0x7fd449e99440_0;
    %store/vec4a v0x7fd449e19140, 4, 0;
    %load/vec4 v0x7fd449e99440_0;
    %addi 1, 0, 32;
    %store/vec4 v0x7fd449e99440_0, 0, 32;
    %jmp T_8.2;
T_8.3 ;
    %pushi/vec4 0, 0, 32;
    %store/vec4 v0x7fd449e99440_0, 0, 32;
T_8.4 ;
    %load/vec4 v0x7fd449e99440_0;
    %cmpi/s 32, 0, 32;
    %jmp/0xz T_8.5, 5;
    %pushi/vec4 0, 0, 32;
    %ix/getv/s 4, v0x7fd449e99440_0;
    %store/vec4a v0x7fd449e98e30, 4, 0;
    %load/vec4 v0x7fd449e99440_0;
    %addi 1, 0, 32;
    %store/vec4 v0x7fd449e99440_0, 0, 32;
    %jmp T_8.4;
T_8.5 ;
    %vpi_call 2 41 "$readmemb", "../testdata/instruction.txt", v0x7fd449e91170 {0 0 0};
    %vpi_func 2 44 "$fopen" 32, "../testdata/output.txt" {0 0 0};
    %pushi/vec4 1, 0, 32;
    %or;
    %store/vec4 v0x7fd449e994d0_0, 0, 32;
    %pushi/vec4 5, 0, 32;
    %ix/load 4, 0, 0;
    %flag_set/imm 4, 0;
    %store/vec4a v0x7fd449e19140, 4, 0;
    %pushi/vec4 1, 0, 1;
    %store/vec4 v0x7fd449e99070_0, 0, 1;
    %pushi/vec4 0, 0, 1;
    %store/vec4 v0x7fd449e99290_0, 0, 1;
    %delay 12, 0;
    %pushi/vec4 1, 0, 1;
    %store/vec4 v0x7fd449e99290_0, 0, 1;
    %end;
    .thread T_8;
    .scope S_0x7fd449c10b10;
T_9 ;
    %wait E_0x7fd449e8b8a0;
    %load/vec4 v0x7fd449e99320_0;
    %cmpi/e 30, 0, 32;
    %jmp/0xz  T_9.0, 4;
    %vpi_call 2 63 "$finish" {0 0 0};
T_9.0 ;
    %load/vec4 v0x7fd449e8f970_0;
    %pad/u 32;
    %pushi/vec4 1, 0, 32;
    %cmp/e;
    %flag_get/vec4 4;
    %load/vec4 v0x7fd449f00e00_0;
    %pad/u 32;
    %pushi/vec4 0, 0, 32;
    %cmp/e;
    %flag_get/vec4 4;
    %and;
    %flag_set/vec4 8;
    %jmp/0xz  T_9.2, 8;
    %load/vec4 v0x7fd449e99560_0;
    %addi 1, 0, 32;
    %store/vec4 v0x7fd449e99560_0, 0, 32;
T_9.2 ;
    %load/vec4 v0x7fd449e66b90_0;
    %pad/u 32;
    %cmpi/e 1, 0, 32;
    %jmp/0xz  T_9.4, 4;
    %load/vec4 v0x7fd449e993b0_0;
    %addi 1, 0, 32;
    %store/vec4 v0x7fd449e993b0_0, 0, 32;
T_9.4 ;
    %vpi_call 2 71 "$fdisplay", v0x7fd449e994d0_0, "cycle = %d, Start = %d, Stall = %d, Flush = %d\012PC = %d", v0x7fd449e99320_0, v0x7fd449e99290_0, v0x7fd449e99560_0, v0x7fd449e993b0_0, v0x7fd449e93fa0_0 {0 0 0};
    %vpi_call 2 74 "$fdisplay", v0x7fd449e994d0_0, "Registers" {0 0 0};
    %vpi_call 2 75 "$fdisplay", v0x7fd449e994d0_0, "x0 = %d, x8  = %d, x16 = %d, x24 = %d", &A<v0x7fd449e98e30, 0>, &A<v0x7fd449e98e30, 8>, &A<v0x7fd449e98e30, 16>, &A<v0x7fd449e98e30, 24> {0 0 0};
    %vpi_call 2 76 "$fdisplay", v0x7fd449e994d0_0, "x1 = %d, x9  = %d, x17 = %d, x25 = %d", &A<v0x7fd449e98e30, 1>, &A<v0x7fd449e98e30, 9>, &A<v0x7fd449e98e30, 17>, &A<v0x7fd449e98e30, 25> {0 0 0};
    %vpi_call 2 77 "$fdisplay", v0x7fd449e994d0_0, "x2 = %d, x10 = %d, x18 = %d, x26 = %d", &A<v0x7fd449e98e30, 2>, &A<v0x7fd449e98e30, 10>, &A<v0x7fd449e98e30, 18>, &A<v0x7fd449e98e30, 26> {0 0 0};
    %vpi_call 2 78 "$fdisplay", v0x7fd449e994d0_0, "x3 = %d, x11 = %d, x19 = %d, x27 = %d", &A<v0x7fd449e98e30, 3>, &A<v0x7fd449e98e30, 11>, &A<v0x7fd449e98e30, 19>, &A<v0x7fd449e98e30, 27> {0 0 0};
    %vpi_call 2 79 "$fdisplay", v0x7fd449e994d0_0, "x4 = %d, x12 = %d, x20 = %d, x28 = %d", &A<v0x7fd449e98e30, 4>, &A<v0x7fd449e98e30, 12>, &A<v0x7fd449e98e30, 20>, &A<v0x7fd449e98e30, 28> {0 0 0};
    %vpi_call 2 80 "$fdisplay", v0x7fd449e994d0_0, "x5 = %d, x13 = %d, x21 = %d, x29 = %d", &A<v0x7fd449e98e30, 5>, &A<v0x7fd449e98e30, 13>, &A<v0x7fd449e98e30, 21>, &A<v0x7fd449e98e30, 29> {0 0 0};
    %vpi_call 2 81 "$fdisplay", v0x7fd449e994d0_0, "x6 = %d, x14 = %d, x22 = %d, x30 = %d", &A<v0x7fd449e98e30, 6>, &A<v0x7fd449e98e30, 14>, &A<v0x7fd449e98e30, 22>, &A<v0x7fd449e98e30, 30> {0 0 0};
    %vpi_call 2 82 "$fdisplay", v0x7fd449e994d0_0, "x7 = %d, x15 = %d, x23 = %d, x31 = %d", &A<v0x7fd449e98e30, 7>, &A<v0x7fd449e98e30, 15>, &A<v0x7fd449e98e30, 23>, &A<v0x7fd449e98e30, 31> {0 0 0};
    %ix/load 4, 3, 0;
    %flag_set/imm 4, 0;
    %load/vec4a v0x7fd449e19140, 4;
    %ix/load 4, 2, 0;
    %flag_set/imm 4, 0;
    %load/vec4a v0x7fd449e19140, 4;
    %concat/vec4; draw_concat_vec4
    %ix/load 4, 1, 0;
    %flag_set/imm 4, 0;
    %load/vec4a v0x7fd449e19140, 4;
    %concat/vec4; draw_concat_vec4
    %ix/load 4, 0, 0;
    %flag_set/imm 4, 0;
    %load/vec4a v0x7fd449e19140, 4;
    %concat/vec4; draw_concat_vec4
    %vpi_call 2 85 "$fdisplay", v0x7fd449e994d0_0, "Data Memory: 0x00 = %10d", S<0,vec4,u128> {1 0 0};
    %ix/load 4, 7, 0;
    %flag_set/imm 4, 0;
    %load/vec4a v0x7fd449e19140, 4;
    %ix/load 4, 6, 0;
    %flag_set/imm 4, 0;
    %load/vec4a v0x7fd449e19140, 4;
    %concat/vec4; draw_concat_vec4
    %ix/load 4, 5, 0;
    %flag_set/imm 4, 0;
    %load/vec4a v0x7fd449e19140, 4;
    %concat/vec4; draw_concat_vec4
    %ix/load 4, 4, 0;
    %flag_set/imm 4, 0;
    %load/vec4a v0x7fd449e19140, 4;
    %concat/vec4; draw_concat_vec4
    %vpi_call 2 86 "$fdisplay", v0x7fd449e994d0_0, "Data Memory: 0x04 = %10d", S<0,vec4,u128> {1 0 0};
    %ix/load 4, 11, 0;
    %flag_set/imm 4, 0;
    %load/vec4a v0x7fd449e19140, 4;
    %ix/load 4, 10, 0;
    %flag_set/imm 4, 0;
    %load/vec4a v0x7fd449e19140, 4;
    %concat/vec4; draw_concat_vec4
    %ix/load 4, 9, 0;
    %flag_set/imm 4, 0;
    %load/vec4a v0x7fd449e19140, 4;
    %concat/vec4; draw_concat_vec4
    %ix/load 4, 8, 0;
    %flag_set/imm 4, 0;
    %load/vec4a v0x7fd449e19140, 4;
    %concat/vec4; draw_concat_vec4
    %vpi_call 2 87 "$fdisplay", v0x7fd449e994d0_0, "Data Memory: 0x08 = %10d", S<0,vec4,u128> {1 0 0};
    %ix/load 4, 15, 0;
    %flag_set/imm 4, 0;
    %load/vec4a v0x7fd449e19140, 4;
    %ix/load 4, 14, 0;
    %flag_set/imm 4, 0;
    %load/vec4a v0x7fd449e19140, 4;
    %concat/vec4; draw_concat_vec4
    %ix/load 4, 13, 0;
    %flag_set/imm 4, 0;
    %load/vec4a v0x7fd449e19140, 4;
    %concat/vec4; draw_concat_vec4
    %ix/load 4, 12, 0;
    %flag_set/imm 4, 0;
    %load/vec4a v0x7fd449e19140, 4;
    %concat/vec4; draw_concat_vec4
    %vpi_call 2 88 "$fdisplay", v0x7fd449e994d0_0, "Data Memory: 0x0c = %10d", S<0,vec4,u128> {1 0 0};
    %ix/load 4, 19, 0;
    %flag_set/imm 4, 0;
    %load/vec4a v0x7fd449e19140, 4;
    %ix/load 4, 18, 0;
    %flag_set/imm 4, 0;
    %load/vec4a v0x7fd449e19140, 4;
    %concat/vec4; draw_concat_vec4
    %ix/load 4, 17, 0;
    %flag_set/imm 4, 0;
    %load/vec4a v0x7fd449e19140, 4;
    %concat/vec4; draw_concat_vec4
    %ix/load 4, 16, 0;
    %flag_set/imm 4, 0;
    %load/vec4a v0x7fd449e19140, 4;
    %concat/vec4; draw_concat_vec4
    %vpi_call 2 89 "$fdisplay", v0x7fd449e994d0_0, "Data Memory: 0x10 = %10d", S<0,vec4,u128> {1 0 0};
    %ix/load 4, 23, 0;
    %flag_set/imm 4, 0;
    %load/vec4a v0x7fd449e19140, 4;
    %ix/load 4, 22, 0;
    %flag_set/imm 4, 0;
    %load/vec4a v0x7fd449e19140, 4;
    %concat/vec4; draw_concat_vec4
    %ix/load 4, 21, 0;
    %flag_set/imm 4, 0;
    %load/vec4a v0x7fd449e19140, 4;
    %concat/vec4; draw_concat_vec4
    %ix/load 4, 20, 0;
    %flag_set/imm 4, 0;
    %load/vec4a v0x7fd449e19140, 4;
    %concat/vec4; draw_concat_vec4
    %vpi_call 2 90 "$fdisplay", v0x7fd449e994d0_0, "Data Memory: 0x14 = %10d", S<0,vec4,u128> {1 0 0};
    %ix/load 4, 27, 0;
    %flag_set/imm 4, 0;
    %load/vec4a v0x7fd449e19140, 4;
    %ix/load 4, 26, 0;
    %flag_set/imm 4, 0;
    %load/vec4a v0x7fd449e19140, 4;
    %concat/vec4; draw_concat_vec4
    %ix/load 4, 25, 0;
    %flag_set/imm 4, 0;
    %load/vec4a v0x7fd449e19140, 4;
    %concat/vec4; draw_concat_vec4
    %ix/load 4, 24, 0;
    %flag_set/imm 4, 0;
    %load/vec4a v0x7fd449e19140, 4;
    %concat/vec4; draw_concat_vec4
    %vpi_call 2 91 "$fdisplay", v0x7fd449e994d0_0, "Data Memory: 0x18 = %10d", S<0,vec4,u128> {1 0 0};
    %ix/load 4, 31, 0;
    %flag_set/imm 4, 0;
    %load/vec4a v0x7fd449e19140, 4;
    %ix/load 4, 30, 0;
    %flag_set/imm 4, 0;
    %load/vec4a v0x7fd449e19140, 4;
    %concat/vec4; draw_concat_vec4
    %ix/load 4, 29, 0;
    %flag_set/imm 4, 0;
    %load/vec4a v0x7fd449e19140, 4;
    %concat/vec4; draw_concat_vec4
    %ix/load 4, 28, 0;
    %flag_set/imm 4, 0;
    %load/vec4a v0x7fd449e19140, 4;
    %concat/vec4; draw_concat_vec4
    %vpi_call 2 92 "$fdisplay", v0x7fd449e994d0_0, "Data Memory: 0x1c = %10d", S<0,vec4,u128> {1 0 0};
    %vpi_call 2 94 "$fdisplay", v0x7fd449e994d0_0, "\012" {0 0 0};
    %load/vec4 v0x7fd449e99320_0;
    %addi 1, 0, 32;
    %store/vec4 v0x7fd449e99320_0, 0, 32;
    %jmp T_9;
    .thread T_9;
# The file index is used to find the file name in the following table.
:file_names 23;
    "N/A";
    "<interactive>";
    "testbench.v";
    "CPU.v";
    "ALU.v";
    "ALU_Control.v";
    "Adder.v";
    "Control.v";
    "Data_Memory.v";
    "Forwarding_Unit.v";
    "Hazard_Detection_Unit.v";
    "Immgen.v";
    "Instruction_Memory.v";
    "MUX32_3.v";
    "MUX32.v";
    "MUXcontrol.v";
    "PC.v";
    "Pipe_EX_MEM.v";
    "Pipe_ID_EX.v";
    "Pipe_IF_ID.v";
    "Pipe_MEM_WB.v";
    "Register_Equal.v";
    "Registers.v";
